"F:/Projects/UMG_testing/UMG_testing.uproject" 1
"../../../Engine/Plugins/2D/Paper2D/Paper2D.uplugin" 2
"../../../Engine/Plugins/Blendables/LightPropagationVolume/LightPropagationVolume.uplugin" 3
"../../../Engine/Plugins/Developer/BlankPlugin/BlankPlugin.uplugin" 4
"../../../Engine/Plugins/Developer/CodeLiteSourceCodeAccess/CodeLiteSourceCodeAccess.uplugin" 5
"../../../Engine/Plugins/Developer/GameplayDebugger/GameplayDebugger.uplugin" 6
"../../../Engine/Plugins/Developer/GitSourceControl/GitSourceControl.uplugin" 7
"../../../Engine/Plugins/Developer/KDevelopSourceCodeAccess/KDevelopSourceCodeAccess.uplugin" 8
"../../../Engine/Plugins/Developer/NullSourceCodeAccess/NullSourceCodeAccess.uplugin" 9
"../../../Engine/Plugins/Developer/OneSkyLocalizationService/OneSkyLocalizationService.uplugin" 10
"../../../Engine/Plugins/Developer/PerforceSourceControl/PerforceSourceControl.uplugin" 11
"../../../Engine/Plugins/Developer/SubversionSourceControl/SubversionSourceControl.uplugin" 12
"../../../Engine/Plugins/Developer/UObjectPlugin/UObjectPlugin.uplugin" 13
"../../../Engine/Plugins/Developer/VisualStudioSourceCodeAccess/VisualStudioSourceCodeAccess.uplugin" 14
"../../../Engine/Plugins/Developer/XCodeSourceCodeAccess/XCodeSourceCodeAccess.uplugin" 15
"../../../Engine/Plugins/Editor/EpicSurvey/EpicSurvey.uplugin" 16
"../../../Engine/Plugins/Editor/MacGraphicsSwitching/MacGraphicsSwitching.uplugin" 17
"../../../Engine/Plugins/Editor/PluginBrowser/PluginBrowser.uplugin" 18
"../../../Engine/Plugins/Editor/SpeedTreeImporter/SpeedTreeImporter.uplugin" 19
"../../../Engine/Plugins/Experimental/BlueprintStats/BlueprintStats.uplugin" 20
"../../../Engine/Plugins/Experimental/CharacterAI/CharacterAI.uplugin" 21
"../../../Engine/Plugins/Experimental/CodeEditor/CodeEditor.uplugin" 22
"../../../Engine/Plugins/Experimental/CodeView/CodeView.uplugin" 23
"../../../Engine/Plugins/Experimental/HTML5Networking/HTML5Networking.uplugin" 24
"../../../Engine/Plugins/Experimental/LiveEditor/LiveEditor.uplugin" 25
"../../../Engine/Plugins/Experimental/Phya/Phya.uplugin" 26
"../../../Engine/Plugins/Experimental/SignificanceManager/SignificanceManager.uplugin" 27
"../../../Engine/Plugins/Experimental/SimpleHMD/SimpleHMD.uplugin" 28
"../../../Engine/Plugins/Experimental/StereoPanorama/StereoPanorama.uplugin" 29
"../../../Engine/Plugins/Experimental/StructBox/StructBox.uplugin" 30
"../../../Engine/Plugins/Experimental/UnitTestFramework/UnitTestFramework.uplugin" 31
"../../../Engine/Plugins/Media/AndroidMedia/AndroidMedia.uplugin" 32
"../../../Engine/Plugins/Media/AvfMedia/AvfMedia.uplugin" 33
"../../../Engine/Plugins/Media/MediaPlayerEditor/MediaPlayerEditor.uplugin" 34
"../../../Engine/Plugins/Media/WmfMedia/WmfMedia.uplugin" 35
"../../../Engine/Plugins/Messaging/MessagingDebugger/MessagingDebugger.uplugin" 36
"../../../Engine/Plugins/Messaging/UdpMessaging/UdpMessaging.uplugin" 37
"../../../Engine/Plugins/MovieScene/LevelSequenceEditor/LevelSequenceEditor.uplugin" 38
"../../../Engine/Plugins/NetcodeUnitTest/NetcodeUnitTest/NetcodeUnitTest.uplugin" 39
"../../../Engine/Plugins/NetcodeUnitTest/NUTUnrealEngine4/NUTUnrealEngine4.uplugin" 40
"../../../Engine/Plugins/Runtime/Advertising/IOSTapJoy/IOSTapJoy.uplugin" 41
"../../../Engine/Plugins/Runtime/Analytics/AnalyticsBlueprintLibrary/AnalyticsBlueprintLibrary.uplugin" 42
"../../../Engine/Plugins/Runtime/Analytics/AnalyticsMulticast/AnalyticsMulticast.uplugin" 43
"../../../Engine/Plugins/Runtime/Analytics/Apsalar/Apsalar.uplugin" 44
"../../../Engine/Plugins/Runtime/Analytics/FileLogging/FileLogging.uplugin" 45
"../../../Engine/Plugins/Runtime/Analytics/Flurry/Flurry.uplugin" 46
"../../../Engine/Plugins/Runtime/AndroidDeviceProfileSelector/AndroidDeviceProfileSelector.uplugin" 47
"../../../Engine/Plugins/Runtime/AndroidMoviePlayer/AndroidMoviePlayer.uplugin" 48
"../../../Engine/Plugins/Runtime/AppleMoviePlayer/AppleMoviePlayer.uplugin" 49
"../../../Engine/Plugins/Runtime/ArchVisCharacter/ArchVisCharacter.uplugin" 50
"../../../Engine/Plugins/Runtime/CableComponent/CableComponent.uplugin" 51
"../../../Engine/Plugins/Runtime/CustomMeshComponent/CustomMeshComponent.uplugin" 52
"../../../Engine/Plugins/Runtime/ExampleDeviceProfileSelector/ExampleDeviceProfileSelector.uplugin" 53
"../../../Engine/Plugins/Runtime/GearVR/GearVR.uplugin" 54
"../../../Engine/Plugins/Runtime/IOSDeviceProfileSelector/IOSDeviceProfileSelector.uplugin" 55
"../../../Engine/Plugins/Runtime/LeapMotion/LeapMotion.uplugin" 56
"../../../Engine/Plugins/Runtime/LinuxDeviceProfileSelector/LinuxDeviceProfileSelector.uplugin" 57
"../../../Engine/Plugins/Runtime/LiveEditorListenServer/LiveEditorListenServer.uplugin" 58
"../../../Engine/Plugins/Runtime/OculusAudio/OculusAudio.uplugin" 59
"../../../Engine/Plugins/Runtime/OculusInput/OculusInput.uplugin" 60
"../../../Engine/Plugins/Runtime/OculusLibrary/OculusLibrary.uplugin" 61
"../../../Engine/Plugins/Runtime/OculusRift/OculusRift.uplugin" 62
"../../../Engine/Plugins/Runtime/PacketHandlers/CompressionComponents/Oodle/Oodle.uplugin" 63
"../../../Engine/Plugins/Runtime/ProceduralMeshComponent/ProceduralMeshComponent.uplugin" 64
"../../../Engine/Plugins/Runtime/SoundMod/SoundMod.uplugin" 65
"../../../Engine/Plugins/Runtime/SoundVisualizations/SoundVisualizations.uplugin" 66
"../../../Engine/Plugins/Runtime/Steam/SteamController/SteamController.uplugin" 67
"../../../Engine/Plugins/Runtime/Steam/SteamVR/SteamVR.uplugin" 68
"../../../Engine/Plugins/Runtime/WebBrowserWidget/WebBrowserWidget.uplugin" 69
"../../../Engine/Plugins/Runtime/WindowsDeviceProfileSelector/WindowsDeviceProfileSelector.uplugin" 70
"../../../Engine/Plugins/Runtime/WindowsMoviePlayer/WindowsMoviePlayer.uplugin" 71
"../../../Engine/Plugins/ScriptPlugin/ScriptPlugin.uplugin" 72
"../../../Engine/Plugins/Slate/SlateRemote/SlateRemote.uplugin" 73
"..\..\..\Engine\Content\Internationalization\icudt53l\cnvalias.icu" 74
"..\..\..\Engine\Content\Internationalization\icudt53l\en_US_POSIX.res" 75
"..\..\..\Engine\Content\Internationalization\icudt53l\pool.res" 76
"..\..\..\Engine\Content\Internationalization\icudt53l\en_US.res" 77
"..\..\..\Engine\Content\Internationalization\icudt53l\en.res" 78
"..\..\..\Engine\Content\Internationalization\icudt53l\root.res" 79
"..\..\..\Engine\Content\Internationalization\icudt53l\lang\en.res" 80
"..\..\..\Engine\Content\Internationalization\icudt53l\lang\pool.res" 81
"..\..\..\Engine\Content\Internationalization\icudt53l\lang\root.res" 82
"..\..\..\Engine\Content\Internationalization\icudt53l\region\en.res" 83
"..\..\..\Engine\Content\Internationalization\icudt53l\region\pool.res" 84
"..\..\..\Engine\Content\Internationalization\icudt53l\region\root.res" 85
"C:/Users/Chris/AppData/Local/UnrealEngine/4.11/Saved/Config/Windows/Manifest.ini" 86
"../../../Engine/Config/Base.ini" 87
"../../../Engine/Config/BaseEngine.ini" 88
"F:/Projects/UMG_testing/Config/DefaultEngine.ini" 89
"../../../Engine/Config/Windows/WindowsEngine.ini" 90
"F:/Projects/UMG_testing/Saved/Config/Windows/Engine.ini" 91
"F:/Projects/UMG_testing/Intermediate/Config/CoalescedSourceConfigs/Engine.ini" 92
"../../../Engine/Config/BaseGame.ini" 93
"F:/Projects/UMG_testing/Config/DefaultGame.ini" 94
"F:/Projects/UMG_testing/Saved/Config/Windows/Game.ini" 95
"F:/Projects/UMG_testing/Intermediate/Config/CoalescedSourceConfigs/Game.ini" 96
"../../../Engine/Config/BaseInput.ini" 97
"F:/Projects/UMG_testing/Config/DefaultInput.ini" 98
"F:/Projects/UMG_testing/Saved/Config/Windows/Input.ini" 99
"F:/Projects/UMG_testing/Intermediate/Config/CoalescedSourceConfigs/Input.ini" 100
"../../../Engine/Config/BaseEditor.ini" 101
"F:/Projects/UMG_testing/Config/DefaultEditor.ini" 102
"F:/Projects/UMG_testing/Saved/Config/Windows/Editor.ini" 103
"F:/Projects/UMG_testing/Intermediate/Config/CoalescedSourceConfigs/Editor.ini" 104
"../../../Engine/Config/BaseEditorPerProjectUserSettings.ini" 105
"F:/Projects/UMG_testing/Saved/Config/Windows/EditorPerProjectUserSettings.ini" 106
"F:/Projects/UMG_testing/Intermediate/Config/CoalescedSourceConfigs/EditorPerProjectUserSettings.ini" 107
"../../../Engine/Config/BaseEditorSettings.ini" 108
"C:/Users/Chris/AppData/Local/UnrealEngine/4.11/Saved/Config/Windows/EditorSettings.ini" 109
"F:/Projects/UMG_testing/Intermediate/Config/CoalescedSourceConfigs/EditorSettings.ini" 110
"../../../Engine/Config/BaseEditorLayout.ini" 111
"C:/Users/Chris/AppData/Local/UnrealEngine/4.11/Saved/Config/Windows/EditorLayout.ini" 112
"F:/Projects/UMG_testing/Intermediate/Config/CoalescedSourceConfigs/EditorLayout.ini" 113
"../../../Engine/Config/BaseEditorKeyBindings.ini" 114
"C:/Users/Chris/AppData/Local/UnrealEngine/4.11/Saved/Config/Windows/EditorKeyBindings.ini" 115
"F:/Projects/UMG_testing/Intermediate/Config/CoalescedSourceConfigs/EditorKeyBindings.ini" 116
"../../../Engine/Config/BaseCompat.ini" 117
"F:/Projects/UMG_testing/Saved/Config/Windows/Compat.ini" 118
"F:/Projects/UMG_testing/Intermediate/Config/CoalescedSourceConfigs/Compat.ini" 119
"../../../Engine/Config/BaseLightmass.ini" 120
"F:/Projects/UMG_testing/Saved/Config/Windows/Lightmass.ini" 121
"F:/Projects/UMG_testing/Intermediate/Config/CoalescedSourceConfigs/Lightmass.ini" 122
"../../../Engine/Config/BaseScalability.ini" 123
"F:/Projects/UMG_testing/Saved/Config/Windows/Scalability.ini" 124
"F:/Projects/UMG_testing/Intermediate/Config/CoalescedSourceConfigs/Scalability.ini" 125
"F:/Projects/UMG_testing/Saved/Config/Windows/GameUserSettings.ini" 126
"F:/Projects/UMG_testing/Intermediate/Config/CoalescedSourceConfigs/GameUserSettings.ini" 127
"../../../Engine/Config/BaseDeviceProfiles.ini" 128
"F:/Projects/UMG_testing/Saved/Config/Windows/DeviceProfiles.ini" 129
"F:/Projects/UMG_testing/Intermediate/Config/CoalescedSourceConfigs/DeviceProfiles.ini" 130
"../../../Engine/Config/ConsoleVariables.ini" 131
"..\..\..\Engine\Content\Internationalization\icudt53l\ar.res" 132
"..\..\..\Engine\Content\Internationalization\icudt53l\lang\ar.res" 133
"..\..\..\Engine\Content\Internationalization\icudt53l\es.res" 134
"..\..\..\Engine\Content\Internationalization\icudt53l\lang\es.res" 135
"..\..\..\Engine\Content\Internationalization\icudt53l\ja.res" 136
"..\..\..\Engine\Content\Internationalization\icudt53l\lang\ja.res" 137
"..\..\..\Engine\Content\Internationalization\icudt53l\ko.res" 138
"..\..\..\Engine\Content\Internationalization\icudt53l\lang\ko.res" 139
"..\..\..\Engine\Content\Internationalization\icudt53l\pt_BR.res" 140
"..\..\..\Engine\Content\Internationalization\icudt53l\pt.res" 141
"..\..\..\Engine\Content\Internationalization\icudt53l\lang\pt.res" 142
"..\..\..\Engine\Content\Internationalization\icudt53l\region\pt.res" 143
"..\..\..\Engine\Content\Internationalization\icudt53l\zh_CN.res" 144
"..\..\..\Engine\Content\Internationalization\icudt53l\zh_Hans_CN.res" 145
"..\..\..\Engine\Content\Internationalization\icudt53l\zh_Hans.res" 146
"..\..\..\Engine\Content\Internationalization\icudt53l\zh.res" 147
"..\..\..\Engine\Content\Internationalization\icudt53l\lang\zh_CN.res" 148
"..\..\..\Engine\Content\Internationalization\icudt53l\lang\zh_Hans_CN.res" 149
"..\..\..\Engine\Content\Internationalization\icudt53l\lang\zh_Hans.res" 150
"..\..\..\Engine\Content\Internationalization\icudt53l\lang\zh.res" 151
"..\..\..\Engine\Content\Internationalization\icudt53l\region\zh_CN.res" 152
"..\..\..\Engine\Content\Internationalization\icudt53l\region\zh_Hans_CN.res" 153
"..\..\..\Engine\Content\Internationalization\icudt53l\region\zh_Hans.res" 154
"..\..\..\Engine\Content\Internationalization\icudt53l\region\zh.res" 155
"C:/Program Files (x86)/Epic Games/4.11/Engine/Content/Localization/Editor/en/Editor.locres" 156
"C:/Program Files (x86)/Epic Games/4.11/Engine/Content/Localization/EditorTutorials/en/EditorTutorials.locres" 157
"C:/Program Files (x86)/Epic Games/4.11/Engine/Content/Localization/Keywords/en/Keywords.locres" 158
"C:/Program Files (x86)/Epic Games/4.11/Engine/Content/Localization/Category/en/Category.locres" 159
"C:/Program Files (x86)/Epic Games/4.11/Engine/Content/Localization/ToolTips/en/ToolTips.locres" 160
"C:/Program Files (x86)/Epic Games/4.11/Engine/Content/Localization/PropertyNames/en/PropertyNames.locres" 161
"C:/Program Files (x86)/Epic Games/4.11/Engine/Content/Localization/Engine/en/Engine.locres" 162
"../../../Engine/Content/Slate/Fonts/Roboto-Regular.ttf" 163
"../../../Engine/Content/Slate/Fonts/DroidSansMono.ttf" 164
"../../../Engine/Content/Slate/Fonts/Roboto-Bold.ttf" 165
"../../../Engine/Content/Slate/Fonts/Roboto-Light.ttf" 166
"C:/Program Files (x86)/Epic Games/4.11/Engine/Binaries/Win64/../../../Engine/Shaders/VectorFieldVisualizationVertexFactory.usf" 167
"C:/Program Files (x86)/Epic Games/4.11/Engine/Binaries/Win64/../../../Engine/Shaders/VertexFactoryCommon.usf" 168
"C:/Program Files (x86)/Epic Games/4.11/Engine/Binaries/Win64/../../../Engine/Shaders/Common.usf" 169
"C:/Program Files (x86)/Epic Games/4.11/Engine/Binaries/Win64/../../../Engine/Shaders/MetalCommon.usf" 170
"C:/Program Files (x86)/Epic Games/4.11/Engine/Binaries/Win64/../../../Engine/Shaders/ShaderVersion.usf" 171
"C:/Program Files (x86)/Epic Games/4.11/Engine/Binaries/Win64/../../../Engine/Shaders/CommonViewUniformBuffer.usf" 172
"C:/Program Files (x86)/Epic Games/4.11/Engine/Binaries/Win64/../../../Engine/Shaders/InstancedStereo.usf" 173
"C:/Program Files (x86)/Epic Games/4.11/Engine/Binaries/Win64/../../../Engine/Shaders/Definitions.usf" 174
"C:/Program Files (x86)/Epic Games/4.11/Engine/Binaries/Win64/../../../Engine/Shaders/Random.usf" 175
"C:/Program Files (x86)/Epic Games/4.11/Engine/Binaries/Win64/../../../Engine/Shaders/ParticleSpriteVertexFactory.usf" 176
"C:/Program Files (x86)/Epic Games/4.11/Engine/Binaries/Win64/../../../Engine/Shaders/ParticleVertexFactoryCommon.usf" 177
"C:/Program Files (x86)/Epic Games/4.11/Engine/Binaries/Win64/../../../Engine/Shaders/ParticleGPUSpriteVertexFactory.usf" 178
"C:/Program Files (x86)/Epic Games/4.11/Engine/Binaries/Win64/../../../Engine/Shaders/ParticleBeamTrailVertexFactory.usf" 179
"C:/Program Files (x86)/Epic Games/4.11/Engine/Binaries/Win64/../../../Engine/Shaders/MeshParticleVertexFactory.usf" 180
"C:/Program Files (x86)/Epic Games/4.11/Engine/Binaries/Win64/../../../Engine/Shaders/LocalVertexFactory.usf" 181
"C:/Program Files (x86)/Epic Games/4.11/Engine/Binaries/Win64/../../../Engine/Shaders/LocalVertexFactoryCommon.usf" 182
"C:/Program Files (x86)/Epic Games/4.11/Engine/Binaries/Win64/../../../Engine/Shaders/GpuSkinVertexFactory.usf" 183
"C:/Program Files (x86)/Epic Games/4.11/Engine/Binaries/Win64/../../../Engine/Shaders/GpuSkinCommon.usf" 184
"C:/Program Files (x86)/Epic Games/4.11/Engine/Binaries/Win64/../../../Engine/Shaders/LandscapeVertexFactory.usf" 185
"C:/Program Files (x86)/Epic Games/4.11/Engine/Binaries/Win64/../../../Engine/Shaders/SlateElementPixelShader.usf" 186
"C:/Program Files (x86)/Epic Games/4.11/Engine/Binaries/Win64/../../../Engine/Shaders/GammaCorrectionCommon.usf" 187
"C:/Program Files (x86)/Epic Games/4.11/Engine/Binaries/Win64/../../../Engine/Shaders/SlateShaderCommon.usf" 188
"C:/Program Files (x86)/Epic Games/4.11/Engine/Binaries/Win64/../../../Engine/Shaders/MaterialTemplate.usf" 189
"C:/Program Files (x86)/Epic Games/4.11/Engine/Binaries/Win64/../../../Engine/Shaders/DepthOfFieldCommon.usf" 190
"C:/Program Files (x86)/Epic Games/4.11/Engine/Binaries/Win64/../../../Engine/Shaders/CircleDOFCommon.usf" 191
"C:/Program Files (x86)/Epic Games/4.11/Engine/Binaries/Win64/../../../Engine/Shaders/GlobalDistanceFieldShared.usf" 192
"C:/Program Files (x86)/Epic Games/4.11/Engine/Binaries/Win64/../../../Engine/Shaders/SpeedTreeCommon.usf" 193
"C:/Program Files (x86)/Epic Games/4.11/Engine/Binaries/Win64/../../../Engine/Shaders/AtmosphereCommon.usf" 194
"C:/Program Files (x86)/Epic Games/4.11/Engine/Binaries/Win64/../../../Engine/Shaders/PaniniProjection.usf" 195
"C:/Program Files (x86)/Epic Games/4.11/Engine/Binaries/Win64/../../../Engine/Shaders/EyeAdaptationCommon.usf" 196
"C:/Program Files (x86)/Epic Games/4.11/Engine/Binaries/Win64/../../../Engine/Shaders/PostProcessCommon.usf" 197
"C:/Program Files (x86)/Epic Games/4.11/Engine/Binaries/Win64/../../../Engine/Shaders/DeferredShadingCommon.usf" 198
"C:/Program Files (x86)/Epic Games/4.11/Engine/Binaries/Win64/../../../Engine/Shaders/LightAccumulator.usf" 199
"C:/Program Files (x86)/Epic Games/4.11/Engine/Binaries/Win64/../../../Engine/Shaders/SlateVertexShader.usf" 200
"C:/Program Files (x86)/Epic Games/4.11/Engine/Binaries/Win64/../../../Engine/Shaders/VectorFieldCompositeShaders.usf" 201
"C:/Program Files (x86)/Epic Games/4.11/Engine/Binaries/Win64/../../../Engine/Shaders/UpdateTextureShaders.usf" 202
"C:/Program Files (x86)/Epic Games/4.11/Engine/Binaries/Win64/../../../Engine/Shaders/SimpleElementColorChannelMaskPixelShader.usf" 203
"C:/Program Files (x86)/Epic Games/4.11/Engine/Binaries/Win64/../../../Engine/Shaders/SimpleElementPixelShader.usf" 204
"C:/Program Files (x86)/Epic Games/4.11/Engine/Binaries/Win64/../../../Engine/Shaders/ColorUtils.usf" 205
"C:/Program Files (x86)/Epic Games/4.11/Engine/Binaries/Win64/../../../Engine/Shaders/IESLightProfilesCommon.usf" 206
"C:/Program Files (x86)/Epic Games/4.11/Engine/Binaries/Win64/../../../Engine/Shaders/SimpleElementHitProxyPixelShader.usf" 207
"C:/Program Files (x86)/Epic Games/4.11/Engine/Binaries/Win64/../../../Engine/Shaders/SimpleElementVertexShader.usf" 208
"C:/Program Files (x86)/Epic Games/4.11/Engine/Binaries/Win64/../../../Engine/Shaders/ScreenVertexShader.usf" 209
"C:/Program Files (x86)/Epic Games/4.11/Engine/Binaries/Win64/../../../Engine/Shaders/ScreenPixelShader.usf" 210
"C:/Program Files (x86)/Epic Games/4.11/Engine/Binaries/Win64/../../../Engine/Shaders/ParticleSortKeyGen.usf" 211
"C:/Program Files (x86)/Epic Games/4.11/Engine/Binaries/Win64/../../../Engine/Shaders/ParticleBoundsShader.usf" 212
"C:/Program Files (x86)/Epic Games/4.11/Engine/Binaries/Win64/../../../Engine/Shaders/ParticleSimVisualizeShader.usf" 213
"C:/Program Files (x86)/Epic Games/4.11/Engine/Binaries/Win64/../../../Engine/Shaders/ParticleInjectionShader.usf" 214
"C:/Program Files (x86)/Epic Games/4.11/Engine/Binaries/Win64/../../../Engine/Shaders/ParticleSimulationShader.usf" 215
"C:/Program Files (x86)/Epic Games/4.11/Engine/Binaries/Win64/../../../Engine/Shaders/ParticleCurveInjectionShader.usf" 216
"C:/Program Files (x86)/Epic Games/4.11/Engine/Binaries/Win64/../../../Engine/Shaders/RadixSortShaders.usf" 217
"C:/Program Files (x86)/Epic Games/4.11/Engine/Binaries/Win64/../../../Engine/Shaders/GpuSkinCacheComputeShader.usf" 218
"C:/Program Files (x86)/Epic Games/4.11/Engine/Binaries/Win64/../../../Engine/Shaders/NullPixelShader.usf" 219
"C:/Program Files (x86)/Epic Games/4.11/Engine/Binaries/Win64/../../../Engine/Shaders/LandscapeGrassWeight.usf" 220
"C:/Program Files (x86)/Epic Games/4.11/Engine/Binaries/Win64/../../../Engine/Shaders/VertexDensityShader.usf" 221
"C:/Program Files (x86)/Epic Games/4.11/Engine/Binaries/Win64/../../../Engine/Shaders/VelocityShader.usf" 222
"C:/Program Files (x86)/Epic Games/4.11/Engine/Binaries/Win64/../../../Engine/Shaders/VelocityCommon.usf" 223
"C:/Program Files (x86)/Epic Games/4.11/Engine/Binaries/Win64/../../../Engine/Shaders/Tessellation.usf" 224
"C:/Program Files (x86)/Epic Games/4.11/Engine/Binaries/Win64/../../../Engine/Shaders/FlatTessellation.usf" 225
"C:/Program Files (x86)/Epic Games/4.11/Engine/Binaries/Win64/../../../Engine/Shaders/PNTriangles.usf" 226
"C:/Program Files (x86)/Epic Games/4.11/Engine/Binaries/Win64/../../../Engine/Shaders/TranslucentLightingShaders.usf" 227
"C:/Program Files (x86)/Epic Games/4.11/Engine/Binaries/Win64/../../../Engine/Shaders/SHCommon.usf" 228
"C:/Program Files (x86)/Epic Games/4.11/Engine/Binaries/Win64/../../../Engine/Shaders/ShadowProjectionCommon.usf" 229
"C:/Program Files (x86)/Epic Games/4.11/Engine/Binaries/Win64/../../../Engine/Shaders/CubemapCommon.usf" 230
"C:/Program Files (x86)/Epic Games/4.11/Engine/Binaries/Win64/../../../Engine/Shaders/TranslucentLightInjectionShaders.usf" 231
"C:/Program Files (x86)/Epic Games/4.11/Engine/Binaries/Win64/../../../Engine/Shaders/DynamicLightingCommon.usf" 232
"C:/Program Files (x86)/Epic Games/4.11/Engine/Binaries/Win64/../../../Engine/Shaders/LightFunctionCommon.usf" 233
"C:/Program Files (x86)/Epic Games/4.11/Engine/Binaries/Win64/../../../Engine/Shaders/TranslucentShadowDepthShaders.usf" 234
"C:/Program Files (x86)/Epic Games/4.11/Engine/Binaries/Win64/../../../Engine/Shaders/ShadowDepthCommon.usf" 235
"C:/Program Files (x86)/Epic Games/4.11/Engine/Binaries/Win64/../../../Engine/Shaders/TiledDeferredLightShaders.usf" 236
"C:/Program Files (x86)/Epic Games/4.11/Engine/Binaries/Win64/../../../Engine/Shaders/DeferredLightingCommon.usf" 237
"C:/Program Files (x86)/Epic Games/4.11/Engine/Binaries/Win64/../../../Engine/Shaders/BRDF.usf" 238
"C:/Program Files (x86)/Epic Games/4.11/Engine/Binaries/Win64/../../../Engine/Shaders/MonteCarlo.usf" 239
"C:/Program Files (x86)/Epic Games/4.11/Engine/Binaries/Win64/../../../Engine/Shaders/ShadingModels.usf" 240
"C:/Program Files (x86)/Epic Games/4.11/Engine/Binaries/Win64/../../../Engine/Shaders/SurfelTree.usf" 241
"C:/Program Files (x86)/Epic Games/4.11/Engine/Binaries/Win64/../../../Engine/Shaders/DistanceFieldLightingShared.usf" 242
"C:/Program Files (x86)/Epic Games/4.11/Engine/Binaries/Win64/../../../Engine/Shaders/SurfelMaterialShared.usf" 243
"C:/Program Files (x86)/Epic Games/4.11/Engine/Binaries/Win64/../../../Engine/Shaders/DistanceFieldAOShared.usf" 244
"C:/Program Files (x86)/Epic Games/4.11/Engine/Binaries/Win64/../../../Engine/Shaders/ShadowProjectionPixelShader.usf" 245
"C:/Program Files (x86)/Epic Games/4.11/Engine/Binaries/Win64/../../../Engine/Shaders/ShadowFilteringCommon.usf" 246
"C:/Program Files (x86)/Epic Games/4.11/Engine/Binaries/Win64/../../../Engine/Shaders/ShadowProjectionVertexShader.usf" 247
"C:/Program Files (x86)/Epic Games/4.11/Engine/Binaries/Win64/../../../Engine/Shaders/ShadowDepthPixelShader.usf" 248
"C:/Program Files (x86)/Epic Games/4.11/Engine/Binaries/Win64/../../../Engine/Shaders/LPVWriteVplCommon.usf" 249
"C:/Program Files (x86)/Epic Games/4.11/Engine/Binaries/Win64/../../../Engine/Shaders/LPVWriteCommon.usf" 250
"C:/Program Files (x86)/Epic Games/4.11/Engine/Binaries/Win64/../../../Engine/Shaders/LPVCommon.usf" 251
"C:/Program Files (x86)/Epic Games/4.11/Engine/Binaries/Win64/../../../Engine/Shaders/ShadowDepthVertexShader.usf" 252
"C:/Program Files (x86)/Epic Games/4.11/Engine/Binaries/Win64/../../../Engine/Shaders/QuadComplexityAccumulatePixelShader.usf" 253
"C:/Program Files (x86)/Epic Games/4.11/Engine/Binaries/Win64/../../../Engine/Shaders/QuadOverdraw.usf" 254
"C:/Program Files (x86)/Epic Games/4.11/Engine/Binaries/Win64/../../../Engine/Shaders/ShaderComplexityAccumulatePixelShader.usf" 255
"C:/Program Files (x86)/Epic Games/4.11/Engine/Binaries/Win64/../../../Engine/Shaders/QuadOverdrawVertexShader.usf" 256
"C:/Program Files (x86)/Epic Games/4.11/Engine/Binaries/Win64/../../../Engine/Shaders/HZBOcclusion.usf" 257
"C:/Program Files (x86)/Epic Games/4.11/Engine/Binaries/Win64/../../../Engine/Shaders/OcclusionQueryVertexShader.usf" 258
"C:/Program Files (x86)/Epic Games/4.11/Engine/Binaries/Win64/../../../Engine/Shaders/HitProxyPixelShader.usf" 259
"C:/Program Files (x86)/Epic Games/4.11/Engine/Binaries/Win64/../../../Engine/Shaders/HitProxyVertexShader.usf" 260
"C:/Program Files (x86)/Epic Games/4.11/Engine/Binaries/Win64/../../../Engine/Shaders/ReflectionEnvironmentShaders.usf" 261
"C:/Program Files (x86)/Epic Games/4.11/Engine/Binaries/Win64/../../../Engine/Shaders/ReflectionEnvironmentShared.usf" 262
"C:/Program Files (x86)/Epic Games/4.11/Engine/Binaries/Win64/../../../Engine/Shaders/SkyLightingShared.usf" 263
"C:/Program Files (x86)/Epic Games/4.11/Engine/Binaries/Win64/../../../Engine/Shaders/ReflectionEnvironmentComputeShaders.usf" 264
"C:/Program Files (x86)/Epic Games/4.11/Engine/Binaries/Win64/../../../Engine/Shaders/PreCullTriangles.usf" 265
"C:/Program Files (x86)/Epic Games/4.11/Engine/Binaries/Win64/../../../Engine/Shaders/VisualizeTexture.usf" 266
"C:/Program Files (x86)/Epic Games/4.11/Engine/Binaries/Win64/../../../Engine/Shaders/ScreenSpaceReflections.usf" 267
"C:/Program Files (x86)/Epic Games/4.11/Engine/Binaries/Win64/../../../Engine/Shaders/ScreenSpaceRayCast.usf" 268
"C:/Program Files (x86)/Epic Games/4.11/Engine/Binaries/Win64/../../../Engine/Shaders/FilterVertexShader.usf" 269
"C:/Program Files (x86)/Epic Games/4.11/Engine/Binaries/Win64/../../../Engine/Shaders/FilterPixelShader.usf" 270
"C:/Program Files (x86)/Epic Games/4.11/Engine/Binaries/Win64/../../../Engine/Shaders/PostProcessVisualizeHDR.usf" 271
"C:/Program Files (x86)/Epic Games/4.11/Engine/Binaries/Win64/../../../Engine/Shaders/PostProcessHistogramCommon.usf" 272
"C:/Program Files (x86)/Epic Games/4.11/Engine/Binaries/Win64/../../../Engine/Shaders/TonemapCommon.usf" 273
"C:/Program Files (x86)/Epic Games/4.11/Engine/Binaries/Win64/../../../Engine/Shaders/ACES.usf" 274
"C:/Program Files (x86)/Epic Games/4.11/Engine/Binaries/Win64/../../../Engine/Shaders/MiniFontCommon.usf" 275
"C:/Program Files (x86)/Epic Games/4.11/Engine/Binaries/Win64/../../../Engine/Shaders/ShaderComplexityApplyPixelShader.usf" 276
"C:/Program Files (x86)/Epic Games/4.11/Engine/Binaries/Win64/../../../Engine/Shaders/PostProcessVisualizeBuffer.usf" 277
"C:/Program Files (x86)/Epic Games/4.11/Engine/Binaries/Win64/../../../Engine/Shaders/PostProcessUpscale.usf" 278
"C:/Program Files (x86)/Epic Games/4.11/Engine/Binaries/Win64/../../../Engine/Shaders/PostProcessTonemap.usf" 279
"C:/Program Files (x86)/Epic Games/4.11/Engine/Binaries/Win64/../../../Engine/Shaders/PostProcessTestImage.usf" 280
"C:/Program Files (x86)/Epic Games/4.11/Engine/Binaries/Win64/../../../Engine/Shaders/PostProcessTemporalAA.usf" 281
"C:/Program Files (x86)/Epic Games/4.11/Engine/Binaries/Win64/../../../Engine/Shaders/PostProcessTemporalCommon.usf" 282
"C:/Program Files (x86)/Epic Games/4.11/Engine/Binaries/Win64/../../../Engine/Shaders/PostProcessSubsurface.usf" 283
"C:/Program Files (x86)/Epic Games/4.11/Engine/Binaries/Win64/../../../Engine/Shaders/SeparableSSS.usf" 284
"C:/Program Files (x86)/Epic Games/4.11/Engine/Binaries/Win64/../../../Engine/Shaders/PostProcessSelectionOutline.usf" 285
"C:/Program Files (x86)/Epic Games/4.11/Engine/Binaries/Win64/../../../Engine/Shaders/PostProcessNoiseBlur.usf" 286
"C:/Program Files (x86)/Epic Games/4.11/Engine/Binaries/Win64/../../../Engine/Shaders/PostProcessMotionBlur.usf" 287
"C:/Program Files (x86)/Epic Games/4.11/Engine/Binaries/Win64/../../../Engine/Shaders/FastMath.usf" 288
"C:/Program Files (x86)/Epic Games/4.11/Engine/Binaries/Win64/../../../Engine/Shaders/PostProcessVelocityFlatten.usf" 289
"C:/Program Files (x86)/Epic Games/4.11/Engine/Binaries/Win64/../../../Engine/Shaders/PostProcessMobile.usf" 290
"C:/Program Files (x86)/Epic Games/4.11/Engine/Binaries/Win64/../../../Engine/Shaders/PostProcessMaterialShaders.usf" 291
"C:/Program Files (x86)/Epic Games/4.11/Engine/Binaries/Win64/../../../Engine/Shaders/PostProcessLensFlares.usf" 292
"C:/Program Files (x86)/Epic Games/4.11/Engine/Binaries/Win64/../../../Engine/Shaders/PostProcessLensBlur.usf" 293
"C:/Program Files (x86)/Epic Games/4.11/Engine/Binaries/Win64/../../../Engine/Shaders/PostProcessBloom.usf" 294
"C:/Program Files (x86)/Epic Games/4.11/Engine/Binaries/Win64/../../../Engine/Shaders/PostProcessHMD.usf" 295
"C:/Program Files (x86)/Epic Games/4.11/Engine/Binaries/Win64/../../../Engine/Shaders/PostProcessHistogramReduce.usf" 296
"C:/Program Files (x86)/Epic Games/4.11/Engine/Binaries/Win64/../../../Engine/Shaders/PostProcessHistogram.usf" 297
"C:/Program Files (x86)/Epic Games/4.11/Engine/Binaries/Win64/../../../Engine/Shaders/PostProcessHierarchical.usf" 298
"C:/Program Files (x86)/Epic Games/4.11/Engine/Binaries/Win64/../../../Engine/Shaders/PostProcessGBufferHints.usf" 299
"C:/Program Files (x86)/Epic Games/4.11/Engine/Binaries/Win64/../../../Engine/Shaders/PostProcessEyeAdaptation.usf" 300
"C:/Program Files (x86)/Epic Games/4.11/Engine/Binaries/Win64/../../../Engine/Shaders/PostProcessDownsample.usf" 301
"C:/Program Files (x86)/Epic Games/4.11/Engine/Binaries/Win64/../../../Engine/Shaders/PostProcessDOF.usf" 302
"C:/Program Files (x86)/Epic Games/4.11/Engine/Binaries/Win64/../../../Engine/Shaders/PostProcessCompositeEditorPrimitives.usf" 303
"C:/Program Files (x86)/Epic Games/4.11/Engine/Binaries/Win64/../../../Engine/Shaders/PostProcessCombineLUTs.usf" 304
"C:/Program Files (x86)/Epic Games/4.11/Engine/Binaries/Win64/../../../Engine/Shaders/PostProcessCircleDOF.usf" 305
"C:/Program Files (x86)/Epic Games/4.11/Engine/Binaries/Win64/../../../Engine/Shaders/PostProcessBusyWait.usf" 306
"C:/Program Files (x86)/Epic Games/4.11/Engine/Binaries/Win64/../../../Engine/Shaders/PostProcessBokehDOF.usf" 307
"C:/Program Files (x86)/Epic Games/4.11/Engine/Binaries/Win64/../../../Engine/Shaders/PostProcessVisualizeDOF.usf" 308
"C:/Program Files (x86)/Epic Games/4.11/Engine/Binaries/Win64/../../../Engine/Shaders/FXAAShader.usf" 309
"C:/Program Files (x86)/Epic Games/4.11/Engine/Binaries/Win64/../../../Engine/Shaders/Fxaa3_11.usf" 310
"C:/Program Files (x86)/Epic Games/4.11/Engine/Binaries/Win64/../../../Engine/Shaders/LightShaftShader.usf" 311
"C:/Program Files (x86)/Epic Games/4.11/Engine/Binaries/Win64/../../../Engine/Shaders/StationaryLightOverlapShaders.usf" 312
"C:/Program Files (x86)/Epic Games/4.11/Engine/Binaries/Win64/../../../Engine/Shaders/DeferredLightPixelShaders.usf" 313
"C:/Program Files (x86)/Epic Games/4.11/Engine/Binaries/Win64/../../../Engine/Shaders/DeferredLightVertexShaders.usf" 314
"C:/Program Files (x86)/Epic Games/4.11/Engine/Binaries/Win64/../../../Engine/Shaders/LPVVisualise.usf" 315
"C:/Program Files (x86)/Epic Games/4.11/Engine/Binaries/Win64/../../../Engine/Shaders/LPVGeometryVolumeCommon.usf" 316
"C:/Program Files (x86)/Epic Games/4.11/Engine/Binaries/Win64/../../../Engine/Shaders/LPVDirectLightInject.usf" 317
"C:/Program Files (x86)/Epic Games/4.11/Engine/Binaries/Win64/../../../Engine/Shaders/LPVPropagate.usf" 318
"C:/Program Files (x86)/Epic Games/4.11/Engine/Binaries/Win64/../../../Engine/Shaders/LPVPacking.usf" 319
"C:/Program Files (x86)/Epic Games/4.11/Engine/Binaries/Win64/../../../Engine/Shaders/LPVBuildGeometryVolume.usf" 320
"C:/Program Files (x86)/Epic Games/4.11/Engine/Binaries/Win64/../../../Engine/Shaders/LpvDirectionalOcclusion.usf" 321
"C:/Program Files (x86)/Epic Games/4.11/Engine/Binaries/Win64/../../../Engine/Shaders/LPVInject_AccumulateVplLists.usf" 322
"C:/Program Files (x86)/Epic Games/4.11/Engine/Binaries/Win64/../../../Engine/Shaders/LPVInject_GenerateVplLists.usf" 323
"C:/Program Files (x86)/Epic Games/4.11/Engine/Binaries/Win64/../../../Engine/Shaders/LPVClearLists.usf" 324
"C:/Program Files (x86)/Epic Games/4.11/Engine/Binaries/Win64/../../../Engine/Shaders/LPVClear.usf" 325
"C:/Program Files (x86)/Epic Games/4.11/Engine/Binaries/Win64/../../../Engine/Shaders/LightMapDensityShader.usf" 326
"C:/Program Files (x86)/Epic Games/4.11/Engine/Binaries/Win64/../../../Engine/Shaders/LightFunctionPixelShader.usf" 327
"C:/Program Files (x86)/Epic Games/4.11/Engine/Binaries/Win64/../../../Engine/Shaders/LightFunctionVertexShader.usf" 328
"C:/Program Files (x86)/Epic Games/4.11/Engine/Binaries/Win64/../../../Engine/Shaders/HeightfieldLighting.usf" 329
"C:/Program Files (x86)/Epic Games/4.11/Engine/Binaries/Win64/../../../Engine/Shaders/DistanceFieldShadowingShared.usf" 330
"C:/Program Files (x86)/Epic Games/4.11/Engine/Binaries/Win64/../../../Engine/Shaders/HdrCustomResolveShaders.usf" 331
"C:/Program Files (x86)/Epic Games/4.11/Engine/Binaries/Win64/../../../Engine/Shaders/GPUBenchmark.usf" 332
"C:/Program Files (x86)/Epic Games/4.11/Engine/Binaries/Win64/../../../Engine/Shaders/GlobalDistanceField.usf" 333
"C:/Program Files (x86)/Epic Games/4.11/Engine/Binaries/Win64/../../../Engine/Shaders/GammaCorrection.usf" 334
"C:/Program Files (x86)/Epic Games/4.11/Engine/Binaries/Win64/../../../Engine/Shaders/BasePassForForwardShadingPixelShader.usf" 335
"C:/Program Files (x86)/Epic Games/4.11/Engine/Binaries/Win64/../../../Engine/Shaders/BasePassForForwardShadingCommon.usf" 336
"C:/Program Files (x86)/Epic Games/4.11/Engine/Binaries/Win64/../../../Engine/Shaders/LightmapCommon.usf" 337
"C:/Program Files (x86)/Epic Games/4.11/Engine/Binaries/Win64/../../../Engine/Shaders/BasePassForForwardShadingVertexShader.usf" 338
"C:/Program Files (x86)/Epic Games/4.11/Engine/Binaries/Win64/../../../Engine/Shaders/HeightFogCommon.usf" 339
"C:/Program Files (x86)/Epic Games/4.11/Engine/Binaries/Win64/../../../Engine/Shaders/HeightFogPixelShader.usf" 340
"C:/Program Files (x86)/Epic Games/4.11/Engine/Binaries/Win64/../../../Engine/Shaders/HeightFogVertexShader.usf" 341
"C:/Program Files (x86)/Epic Games/4.11/Engine/Binaries/Win64/../../../Engine/Shaders/DistortAccumulatePS.usf" 342
"C:/Program Files (x86)/Epic Games/4.11/Engine/Binaries/Win64/../../../Engine/Shaders/DistortAccumulateVS.usf" 343
"C:/Program Files (x86)/Epic Games/4.11/Engine/Binaries/Win64/../../../Engine/Shaders/DistortApplyScreenPS.usf" 344
"C:/Program Files (x86)/Epic Games/4.11/Engine/Binaries/Win64/../../../Engine/Shaders/DistanceFieldSurfaceCacheLighting.usf" 345
"C:/Program Files (x86)/Epic Games/4.11/Engine/Binaries/Win64/../../../Engine/Shaders/SkyLighting.usf" 346
"C:/Program Files (x86)/Epic Games/4.11/Engine/Binaries/Win64/../../../Engine/Shaders/DistanceFieldSurfaceCacheLightingCompute.usf" 347
"C:/Program Files (x86)/Epic Games/4.11/Engine/Binaries/Win64/../../../Engine/Shaders/DistanceFieldShadowing.usf" 348
"C:/Program Files (x86)/Epic Games/4.11/Engine/Binaries/Win64/../../../Engine/Shaders/DistanceFieldScreenGridLighting.usf" 349
"C:/Program Files (x86)/Epic Games/4.11/Engine/Binaries/Win64/../../../Engine/Shaders/DistanceFieldLightingPost.usf" 350
"C:/Program Files (x86)/Epic Games/4.11/Engine/Binaries/Win64/../../../Engine/Shaders/DistanceFieldGlobalIllumination.usf" 351
"C:/Program Files (x86)/Epic Games/4.11/Engine/Binaries/Win64/../../../Engine/Shaders/DepthOnlyPixelShader.usf" 352
"C:/Program Files (x86)/Epic Games/4.11/Engine/Binaries/Win64/../../../Engine/Shaders/DepthOnlyVertexShader.usf" 353
"C:/Program Files (x86)/Epic Games/4.11/Engine/Binaries/Win64/../../../Engine/Shaders/PositionOnlyDepthVertexShader.usf" 354
"C:/Program Files (x86)/Epic Games/4.11/Engine/Binaries/Win64/../../../Engine/Shaders/DownsampleDepthPixelShader.usf" 355
"C:/Program Files (x86)/Epic Games/4.11/Engine/Binaries/Win64/../../../Engine/Shaders/DitheredTransitionStencil.usf" 356
"C:/Program Files (x86)/Epic Games/4.11/Engine/Binaries/Win64/../../../Engine/Shaders/DeferredDecal.usf" 357
"C:/Program Files (x86)/Epic Games/4.11/Engine/Binaries/Win64/../../../Engine/Shaders/EvaluateSurfelMaterial.usf" 358
"C:/Program Files (x86)/Epic Games/4.11/Engine/Binaries/Win64/../../../Engine/Shaders/ConvertToUniformMesh.usf" 359
"C:/Program Files (x86)/Epic Games/4.11/Engine/Binaries/Win64/../../../Engine/Shaders/PostProcessPassThrough.usf" 360
"C:/Program Files (x86)/Epic Games/4.11/Engine/Binaries/Win64/../../../Engine/Shaders/PostProcessLpvIndirect.usf" 361
"C:/Program Files (x86)/Epic Games/4.11/Engine/Binaries/Win64/../../../Engine/Shaders/LPVFinalPass.usf" 362
"C:/Program Files (x86)/Epic Games/4.11/Engine/Binaries/Win64/../../../Engine/Shaders/PostProcessAmbientOcclusion.usf" 363
"C:/Program Files (x86)/Epic Games/4.11/Engine/Binaries/Win64/../../../Engine/Shaders/PostProcessAmbient.usf" 364
"C:/Program Files (x86)/Epic Games/4.11/Engine/Binaries/Win64/../../../Engine/Shaders/CapsuleShadowShaders.usf" 365
"C:/Program Files (x86)/Epic Games/4.11/Engine/Binaries/Win64/../../../Engine/Shaders/BasePassPixelShader.usf" 366
"C:/Program Files (x86)/Epic Games/4.11/Engine/Binaries/Win64/../../../Engine/Shaders/BasePassCommon.usf" 367
"C:/Program Files (x86)/Epic Games/4.11/Engine/Binaries/Win64/../../../Engine/Shaders/ForEachLight.usf" 368
"C:/Program Files (x86)/Epic Games/4.11/Engine/Binaries/Win64/../../../Engine/Shaders/BasePassVertexShader.usf" 369
"C:/Program Files (x86)/Epic Games/4.11/Engine/Binaries/Win64/../../../Engine/Shaders/BasePassVertexCommon.usf" 370
"C:/Program Files (x86)/Epic Games/4.11/Engine/Binaries/Win64/../../../Engine/Shaders/BasePassTessellationShaders.usf" 371
"C:/Program Files (x86)/Epic Games/4.11/Engine/Binaries/Win64/../../../Engine/Shaders/AtmospherePrecomputeInscatter.usf" 372
"C:/Program Files (x86)/Epic Games/4.11/Engine/Binaries/Win64/../../../Engine/Shaders/AtmospherePrecomputeCommon.usf" 373
"C:/Program Files (x86)/Epic Games/4.11/Engine/Binaries/Win64/../../../Engine/Shaders/AtmospherePrecompute.usf" 374
"C:/Program Files (x86)/Epic Games/4.11/Engine/Binaries/Win64/../../../Engine/Shaders/AtmosphericFogShader.usf" 375
"C:/Program Files (x86)/Epic Games/4.11/Engine/Binaries/Win64/../../../Engine/Shaders/ResolveVertexShader.usf" 376
"C:/Program Files (x86)/Epic Games/4.11/Engine/Binaries/Win64/../../../Engine/Shaders/ResolvePixelShader.usf" 377
"C:/Program Files (x86)/Epic Games/4.11/Engine/Binaries/Win64/../../../Engine/Shaders/OneColorShader.usf" 378
"C:/Program Files (x86)/Epic Games/4.11/Engine/Binaries/Win64/../../../Engine/Shaders/MediaShaders.usf" 379
"C:/Program Files (x86)/Epic Games/4.11/Engine/Binaries/Win64/../../../Engine/Shaders/ClearReplacementShaders.usf" 380
"C:/Program Files (x86)/Epic Games/4.11/Engine/Binaries/Win64/../../../Engine/Shaders/SimpleElementTexture2DPreviewPixelShader.usf" 381
"C:/Program Files (x86)/Epic Games/4.11/Engine/Binaries/Win64/../../../Engine/Shaders/SimpleElementNormalMapPixelShader.usf" 382
"C:/Program Files (x86)/Epic Games/4.11/Engine/Binaries/Win64/../../../Engine/Shaders/meshpaintdilatepixelshader.usf" 383
"C:/Program Files (x86)/Epic Games/4.11/Engine/Binaries/Win64/../../../Engine/Shaders/meshpaintdilatevertexshader.usf" 384
"C:/Program Files (x86)/Epic Games/4.11/Engine/Binaries/Win64/../../../Engine/Shaders/MeshPaintPixelShader.usf" 385
"C:/Program Files (x86)/Epic Games/4.11/Engine/Binaries/Win64/../../../Engine/Shaders/MeshPaintVertexShader.usf" 386
"C:/Users/Chris/AppData/Local/UnrealEngine/4.11/DerivedDataCache/Boot.ddc" 387
"../../../Engine/DerivedDataCache/Compressed.ddp" 388
"../../../Engine/Content/EditorResources/S_Actor.uasset" 389
"../../../Engine/Config/Android/AndroidEngine.ini" 390
"../../../Engine/Config/IOS/IOSEngine.ini" 391
"../../../Engine/Config/Linux/LinuxEngine.ini" 392
"F:/Projects/UMG_testing/Saved/Config/Windows/GameplayTags.ini" 393
"F:/Projects/UMG_testing/Intermediate/Config/CoalescedSourceConfigs/GameplayTags.ini" 394
"F:/Projects/UMG_testing/Saved/Config/Windows/TemplateDefs.ini" 395
"F:/Projects/UMG_testing/Intermediate/Config/CoalescedSourceConfigs/TemplateDefs.ini" 396
"../../../Engine/Content/EngineFonts/Roboto.uasset" 397
"../../../Engine/Content/EngineMaterials/Widget3DPassThrough_Translucent.uasset" 398
"../../../Engine/Content/EngineMaterials/Widget3DPassThrough.uasset" 399
"../../../Engine/Content/Functions/Engine_MaterialFunctions01/Texturing/ScaleUVsByCenter.uasset" 400
"../../../Engine/Content/Functions/Engine_MaterialFunctions02/Utility/BreakOutFloat2Components.uasset" 401
"../../../Engine/Content/Functions/Engine_MaterialFunctions02/ScreenResolution.uasset" 402
"../../../Engine/Content/Functions/Engine_MaterialFunctions02/Texturing/ScreenAlignedUVs.uasset" 403
"../../../Engine/Content/EngineResources/WhiteSquareTexture.uasset" 404
"../../../Engine/Content/Functions/Engine_MaterialFunctions01/Shading/PowerToRoughness.uasset" 405
"../../../Engine/Content/Functions/Engine_MaterialFunctions01/Shading/ConvertFromDiffSpec.uasset" 406
"../../../Engine/Content/EngineMaterials/WorldGridMaterial.uasset" 407
"../../../Engine/Content/Functions/Engine_MaterialFunctions01/Opacity/CameraDepthFade.uasset" 408
"../../../Engine/Content/EngineMaterials/T_Default_Material_Grid_M.uasset" 409
"../../../Engine/Content/EngineMaterials/T_Default_Material_Grid_N.uasset" 410
"../../../Engine/Content/EngineMaterials/DefaultDeferredDecalMaterial.uasset" 411
"../../../Engine/Content/EngineMaterials/DefaultDiffuse.uasset" 412
"../../../Engine/Content/EngineMaterials/DefaultLightFunctionMaterial.uasset" 413
"../../../Engine/Content/EngineMaterials/DefaultPostProcessMaterial.uasset" 414
"../../../Engine/Content/EngineResources/DefaultTexture.uasset" 415
"../../../Engine/Content/EngineMaterials/Widget3DPassThrough_Translucent_OneSided.uasset" 416
"../../../Engine/Content/EngineMaterials/Widget3DPassThrough_Opaque.uasset" 417
"../../../Engine/Content/EngineMaterials/Widget3DPassThrough_Opaque_OneSided.uasset" 418
"../../../Engine/Content/EngineMaterials/Widget3DPassThrough_Masked.uasset" 419
"../../../Engine/Content/EngineMaterials/Widget3DPassThrough_Masked_OneSided.uasset" 420
"../../../Engine/Content/Maps/Templates/Thumbnails/Default.uasset" 421
"../../../Engine/Content/EditorMaterials/ParticleSystems/PSysThumbnail_NoImage.uasset" 422
"../../../Engine/Content/EditorMaterials/ParticleSystems/PSysThumbnail_OOD.uasset" 423
"../../../Engine/Content/EditorLandscapeResources/DataLayer.uasset" 424
"../../../Engine/Content/EngineDamageTypes/DmgTypeBP_Environmental.uasset" 425
"..\..\..\Engine\Content\Internationalization\icudt53l\numberingSystems.res" 426
"..\..\..\Engine\Content\Internationalization\icudt53l\curr\supplementalData.res" 427
"..\..\..\Engine\Content\Internationalization\icudt53l\curr\pool.res" 428
"..\..\..\Engine\Content\Internationalization\icudt53l\curr\en.res" 429
"..\..\..\Engine\Content\Internationalization\icudt53l\curr\root.res" 430
"../../../Engine/Content/EngineMeshes/Sphere.uasset" 431
"../../../Engine/Content/EngineFonts/RobotoDistanceField.uasset" 432
"../../../Engine/Content/EngineMaterials/DefaultTextMaterialOpaque.uasset" 433
"../../../Engine/Content/EditorResources/S_Trigger.uasset" 434
"../../../Engine/Content/EngineResources/GradientTexture0.uasset" 435
"../../../Engine/Content/EngineResources/Black.uasset" 436
"../../../Engine/Content/EditorMaterials/MatineeGroups/MAT_Groups_Float.uasset" 437
"../../../Engine/Content/EditorMaterials/MatineeGroups/MAT_Groups_Director.uasset" 438
"../../../Engine/Content/EditorMaterials/MatineeGroups/MAT_Groups_Event.uasset" 439
"../../../Engine/Content/EditorMaterials/MatineeGroups/MAT_Groups_Anim.uasset" 440
"../../../Engine/Content/EditorMaterials/MatineeGroups/MAT_Groups_Fade.uasset" 441
"../../../Engine/Content/EditorMaterials/MatineeGroups/MAT_Groups_Move.uasset" 442
"../../../Engine/Content/EditorMaterials/MatineeGroups/MAT_Groups_Slomo.uasset" 443
"../../../Engine/Content/EditorMaterials/MatineeGroups/MAT_ColorTrack.uasset" 444
"../../../Engine/Content/EditorMaterials/MAT_Groups_Toggle.uasset" 445
"../../../Engine/Content/EditorMaterials/MatineeGroups/MAT_Groups_AudioMaster.uasset" 446
"../../../Engine/Content/EditorMaterials/MatineeGroups/MAT_Groups_Sound.uasset" 447
"../../../Engine/Content/EditorMaterials/MatineeGroups/MAT_Groups_Vector.uasset" 448
"../../../Engine/Content/EditorMaterials/MAT_Groups_Visibility.uasset" 449
"../../../Engine/Content/EngineResources/DefaultTextureCube.uasset" 450
"../../../Engine/Content/EngineSounds/Master.uasset" 451
"../../../Engine/Content/EngineSounds/Music.uasset" 452
"../../../Engine/Content/EngineSounds/SFX.uasset" 453
"../../../Engine/Content/EngineSounds/Normal_Attack.uasset" 454
"../../../Engine/Content/EngineSounds/Special_Attack_PSM.uasset" 455
"../../../Engine/Content/EngineSounds/Duck_Normal_Attack_MixMod.uasset" 456
"../../../Engine/Content/EngineSounds/Voice.uasset" 457
"../../../Engine/Content/EngineMeshes/Cylinder.uasset" 458
"../../../Engine/Content/EngineMaterials/DefaultMaterial.uasset" 459
"../../../Engine/Content/EngineTireTypes/DefaultTireType.uasset" 460
"../../../Engine/Content/Editor/Slate/Fonts/FontAwesome.ttf" 461
"../../../Engine/Content/Editor/Slate/Fonts/DroidSansMono.ttf" 462
"../../../Engine/Content/Editor/Slate/Fonts/Roboto-BoldCondensed.ttf" 463
"../../../Engine/Content/Editor/Slate/Fonts/Roboto-Black.ttf" 464
"../../../Engine/Content/Editor/Slate/Fonts/Roboto-Italic.ttf" 465
"../../../Engine/Content/Editor/Slate/Fonts/Roboto-BoldCondensedItalic.ttf" 466
"..\..\..\Engine\Content\Internationalization\icudt53l\coll\ucadata.icu" 467
"..\..\..\Engine\Content\Internationalization\icudt53l\nfc.nrm" 468
"..\..\..\Engine\Content\Internationalization\icudt53l\coll\en_US.res" 469
"..\..\..\Engine\Content\Internationalization\icudt53l\coll\en.res" 470
"..\..\..\Engine\Content\Internationalization\icudt53l\coll\root.res" 471
"../../../Engine/Content/Tutorial/Basics/LevelEditorAttract.uasset" 472
"../../../Engine/Content/Tutorial/BlueprintTutorials/BlueprintEditorTutorial.uasset" 473
"../../../Engine/Content/Tutorial/BlueprintTutorials/TutorialAssets/Blueprint_64x.uasset" 474
"../../../Engine/Content/Tutorial/Mobile/SettingUpAndroidTutorial.uasset" 475
"../../../Engine/Content/Tutorial/Mobile/TutorialAssets/android_Icon.uasset" 476
"../../../Engine/Content/Tutorial/ContentIntroCurve.uasset" 477
"../../../Engine/Plugins/2D/Paper2D/Content/MaskedUnlitSpriteMaterial.uasset" 478
"../../../Engine/Plugins/2D/Paper2D/Content/DefaultSpriteMaterial.uasset" 479
"../../../Engine/Plugins/2D/Paper2D/Content/DummySpriteTexture.uasset" 480
"../../../Engine/Plugins/2D/Paper2D/Content/PlaceholderTextures/DummySpriteTexture.uasset" 481
"../../../Engine/Plugins/2D/Paper2D/Content/OpaqueUnlitSpriteMaterial.uasset" 482
"../../../Engine/Plugins/2D/Paper2D/Content/DefaultPaperTerrainMaterial.uasset" 483
"../../../Engine/Plugins/2D/Paper2D/Content/DummySprite.uasset" 484
"C:/Users/Chris/AppData/Local/UnrealEngine/4.11/Saved/Config/Windows/SourceControlSettings.ini" 485
"F:/Projects/UMG_testing/Intermediate/Config/CoalescedSourceConfigs/SourceControlSettings.ini" 486
"F:/Projects/UMG_testing/Saved/Config/Windows/SourceControlSettings.ini" 487
"../../../Engine/Content/EngineMaterials/RemoveSurfaceMaterial.uasset" 488
"../../../Engine/Content/EngineDebugMaterials/DebugMeshMaterial.uasset" 489
"../../../Engine/Content/EngineMaterials/M_InvalidLightmapSettings.uasset" 490
"../../../Engine/Content/EngineMaterials/InvalidLightmapSettings.uasset" 491
"../../../Engine/Content/EditorMaterials/GizmoMaterial.uasset" 492
"../../../Engine/Content/EngineMaterials/Good64x64TilingNoiseHighFreq.uasset" 493
"../../../Engine/Content/EngineMaterials/DefaultBokeh.uasset" 494
"../../../Engine/Content/EngineMaterials/PreintegratedSkinBRDF.uasset" 495
"../../../Engine/Content/EngineMaterials/MiniFont.uasset" 496
"../../../Engine/Content/EngineMaterials/WeightMapPlaceholderTexture.uasset" 497
"../../../Engine/Content/EngineMaterials/DefaultWhiteGrid.uasset" 498
"../../../Engine/Content/EngineMaterials/DefaultPhysicalMaterial.uasset" 499
"../../../Engine/Content/EngineFonts/RobotoTiny.uasset" 500
"../../../Engine/Content/EngineResources/AICON-Red.uasset" 501
"../../../Engine/Content/EngineResources/AICON-Green.uasset" 502
"F:/Projects/UMG_testing/Intermediate/CachedAssetRegistry.bin" 503
"F:/Projects/UMG_testing/Content/Level1.umap" 504
"F:/Projects/UMG_testing/Content/MainMenu.uasset" 505
"F:/Projects/UMG_testing/Content/MainMenuLevel.umap" 506
"F:/Projects/UMG_testing/Saved/Autosaves/Game/MainMenuLevel_Auto1.umap" 507
"F:/Projects/UMG_testing/Saved/Cooked/WindowsNoEditor/UMG_testing/CookedIniVersion.txt" 508
"../../../Engine/Config/HTML5/HTML5Engine.ini" 509
"../../../Engine/Content/MobileResources/HUD/VirtualJoystick_Thumb.uasset" 510
"F:/Projects/UMG_testing/Content/Movies/egtw_Tex_Mat.uasset" 511
"F:/Projects/UMG_testing/Content/Movies/egtw_Tex.uasset" 512
"F:/Projects/UMG_testing/Content/Movies/egtw.uasset" 513
"F:/Projects/UMG_testing/Content/Credits.uasset" 514
"F:/Projects/UMG_testing/Content/LoadingScreen.uasset" 515
"F:/Projects/UMG_testing/Content/Music/A_New_Journey.uasset" 516
"F:/Projects/UMG_testing/Content/OptionsMenu.uasset" 517
"F:/Projects/UMG_testing/Content/QuitVerify.uasset" 518
"C:/Users/Chris/AppData/Local/UnrealEngine/Common/DerivedDataCache/6/7/3/AUDIO_0002_0000_OGG_0001_50AB6AA649CFD5A49EAE9BBD89EC9994.udd" 519
"C:/Users/Chris/AppData/Local/UnrealEngine/Common/DerivedDataCache/7/8/6/MATSM_4F0644619F9C48FF91E0D494C95EB050_PCD3D_SM5_5__BC5N_DEV_SL_NODBUF_EARLYZ3__BB6A7DBD66EAC01634BB1073AC68E72395B058BE.udd" 520
"C:/Users/Chris/AppData/Local/UnrealEngine/Common/DerivedDataCache/5/2/5/MATSM_4F0644619F9C48FF91E0D494C95EB050_PCD3D_SM4_5__BC5N_DEV_SL_NODBUF_EARLYZ3__4E38E5709B0B76D96D68BF100A8F9D1BCBBE4888.udd" 521
"../../../Engine/Content/Maps/Entry.umap" 522
"../../../Engine/Content/EngineMaterials/DefaultNormal.uasset" 523
"F:/Projects/UMG_testing/Content/Blueprints/GM_UMG.uasset" 524
"F:/Projects/UMG_testing/Content/Blueprints/PC_UMG.uasset" 525
"../../../Engine/Content/EditorResources/BSPVertex.uasset" 526
"../../../Engine/Content/EngineDebugMaterials/GeomMaterial.uasset" 527
"../../../Engine/Content/EngineDebugMaterials/BoneWeightMaterial.uasset" 528
"../../../Engine/Content/EngineDebugMaterials/HeatmapGradient.uasset" 529
"../../../Engine/Content/EditorMaterials/PhAT_JointLimitMaterial.uasset" 530
"../../../Engine/Content/EditorMaterials/PreviewShadowIndicatorMaterial.uasset" 531
"../../../Engine/Content/EditorMaterials/PreviewShadowIndicator.uasset" 532
"../../../Engine/Content/EngineMaterials/EditorBrushMaterial.uasset" 533
"../../../Engine/Content/EditorMeshes/ColorCalibrator/SM_ColorCalibrator.uasset" 534
"../../../Engine/Content/EditorMeshes/ColorCalibrator/M_ChromeBall.uasset" 535
"../../../Engine/Content/EditorMeshes/ColorCalibrator/M_ClearCoat.uasset" 536
"../../../Engine/Content/EditorMeshes/ColorCalibrator/M_ClearCoatBlack.uasset" 537
"../../../Engine/Content/EditorMeshes/ColorCalibrator/M_ColorGrid.uasset" 538
"../../../Engine/Content/EditorMeshes/ColorCalibrator/T_ColorGrid.uasset" 539
"../../../Engine/Content/EditorMeshes/ColorCalibrator/M_GreyBall.uasset" 540
"../../../Engine/Content/MobileResources/HUD/DefaultVirtualJoysticks.uasset" 541
"../../../Engine/Content/MobileResources/HUD/VirtualJoystick_Background.uasset" 542
"../../../Engine/Content/Tutorial/SubEditors/TutorialAssets/icon_Editor_Preferences_General_40x.uasset" 543
"../../../Engine/Content/Tutorial/Paper2D/TutorialAssets/Paper2DSprite_TutorialIcon.uasset" 544
"../../../Engine/Content/Tutorial/SubEditors/TutorialAssets/icon_ShowSkeletalMeshes_40x.uasset" 545
"../../../Engine/Content/Tutorial/Landscape/TutorialAssets/Landscape.uasset" 546
"../../../Engine/Content/Tutorial/Foliage/TutorialAssets/Foliage.uasset" 547
"../../../Engine/Content/Tutorial/SubEditors/StaticMeshEditorTutorial.uasset" 548
"../../../Engine/Content/EngineMeshes/Cube.uasset" 549
"../../../Engine/Content/Tutorial/Basics/LevelEditorOverview.uasset" 550
"../../../Engine/Content/Tutorial/Basics/TutorialAssets/icon_tab_Levels_40x.uasset" 551
"../../../Engine/Content/Tutorial/BlueprintTutorials/BlueprintMacroLibrariesEditorOverview.uasset" 552
"../../../Engine/Content/Tutorial/BlueprintTutorials/TutorialAssets/BlueprintMacroLibrary_64x.uasset" 553
"../../../Engine/Content/Tutorial/BlueprintTutorials/TutorialAssets/Tutorial_BP_MacroLib.uasset" 554
"../../../Engine/Content/Tutorial/BlueprintTutorials/BlueprintInterfacesEditorOverview.uasset" 555
"../../../Engine/Content/Tutorial/BlueprintTutorials/TutorialAssets/BlueprintInterface_64x.uasset" 556
"../../../Engine/Content/Tutorial/BlueprintTutorials/TutorialAssets/Tutorial_BP_Interface.uasset" 557
"../../../Engine/Content/Tutorial/BlueprintTutorials/LevelBlueprintEditorOverview.uasset" 558
"../../../Engine/Content/Tutorial/SubEditors/DestructibleMeshEditorTutorial.uasset" 559
"../../../Engine/Content/Tutorial/SubEditors/TutorialAssets/Tutorial_DM.uasset" 560
"../../../Engine/Content/EditorMeshes/EditorCube.uasset" 561
"../../../Engine/Content/Tutorial/SubEditors/MaterialEditorTutorial.uasset" 562
"../../../Engine/Content/Tutorial/SubEditors/TutorialAssets/TutorialMaterial.uasset" 563
"../../../Engine/Content/Tutorial/SubEditors/ParticleSystemEditorTutorial.uasset" 564
"../../../Engine/Content/Tutorial/SubEditors/TutorialAssets/TutorialParticleSystem.uasset" 565
"../../../Engine/Content/Tutorial/SubEditors/TutorialAssets/M_smoke_subUV_blackbody.uasset" 566
"../../../Engine/Content/Tutorial/SubEditors/TutorialAssets/T_SmokeSubUV_8X8.uasset" 567
"../../../Engine/Content/Tutorial/SubEditors/TutorialAssets/T_soft_smoke.uasset" 568
"../../../Engine/Content/Tutorial/SubEditors/PersonaAnimEditorWalkThrough.uasset" 569
"../../../Engine/Content/Tutorial/SubEditors/TutorialAssets/Character/NewBlendSpace1D.uasset" 570
"../../../Engine/Content/Tutorial/SubEditors/TutorialAssets/Character/Tutorial_Idle.uasset" 571
"../../../Engine/Content/Tutorial/SubEditors/TutorialAssets/Character/TutorialTPP_Skeleton.uasset" 572
"../../../Engine/Content/Tutorial/SubEditors/TutorialAssets/Character/Tutorial_Walk_Fwd.uasset" 573
"../../../Engine/Content/Tutorial/SubEditors/TutorialAssets/Character/TutorialTPP.uasset" 574
"../../../Engine/Content/Tutorial/SubEditors/TutorialAssets/Character/TutorialTPP_Mat.uasset" 575
"../../../Engine/Content/Tutorial/SubEditors/TutorialAssets/Character/TutorialTPP_PhysicsAsset.uasset" 576
"../../../Engine/Content/Tutorial/SubEditors/PersonaAnimBlueprintEditorWalkthrough.uasset" 577
"../../../Engine/Content/Tutorial/SubEditors/TutorialAssets/Character/TutorialTPP_AnimBlueprint.uasset" 578
"../../../Engine/Content/EditorBlueprintResources/StandardMacros.uasset" 579
"../../../Engine/Content/Tutorial/SubEditors/TutorialAssets/Character/TutorialCharacter.uasset" 580
"../../../Engine/Content/Tutorial/Paper2D/SpriteEditorTutorial.uasset" 581
"../../../Engine/Content/Tutorial/Paper2D/FlipbookEditorTutorial.uasset" 582
"../../../Engine/Content/Tutorial/Paper2D/TutorialAssets/Paper2DFlipbook_TutorialIcon.uasset" 583
"../../../Engine/Content/Tutorial/Landscape/Landscape_Manage_Mode.uasset" 584
"../../../Engine/Content/Tutorial/Landscape/Landscape_Sculpt_Mode.uasset" 585
"../../../Engine/Content/Tutorial/Landscape/Landscape_Painting_Mode.uasset" 586
"../../../Engine/Content/Tutorial/Landscape/LandscapeWalkThrough.uasset" 587
"../../../Engine/Content/Tutorial/Foliage/Foliage_Intro_Tutorial.uasset" 588
"../../../Engine/Content/Tutorial/Foliage/Foliage_Using_The_Tool_Tutorial.uasset" 589
"../../../Engine/Content/Tutorial/Foliage/Foliage_Settings_Tutorial.uasset" 590
"C:/Users/Chris/AppData/Local/UnrealEngine/Common/DerivedDataCache/3/7/9/TEXTURE_814DCC3DC72143F49509781513CB9855_BGRA8_2303080240B4FBC995EC43ABAA9A8C6__FF67176A68B6CAB831A7F4C31766F94B348FF9C3.udd" 591
"C:/Users/Chris/AppData/Local/UnrealEngine/Common/DerivedDataCache/3/1/8/TEXTURE_814DCC3DC72143F49509781513CB9855_BGRA8_5216118D4EACC7D4064ADCBA89F7720__4776B6E2E6502A15BA73B7522CDBB3F8E50002AD.udd" 592
"C:/Users/Chris/AppData/Local/UnrealEngine/Common/DerivedDataCache/2/8/1/TEXTURE_814DCC3DC72143F49509781513CB9855_BGRA8_5216118D4EACC7D4064ADCBA89F7720__66F5A912C12ECCBFC7828C141D8C68C1A07C0A15.udd" 593
"C:/Users/Chris/AppData/Local/UnrealEngine/Common/DerivedDataCache/0/8/6/TEXTURE_814DCC3DC72143F49509781513CB9855_AUTODXT_C45F0F7D439FAD52041B1EBC5A8A1__9908241BD20DF14A6AE05F8E6CA9BBBE24B07AB6.udd" 594
"C:/Users/Chris/AppData/Local/UnrealEngine/Common/DerivedDataCache/6/5/4/TEXTURE_814DCC3DC72143F49509781513CB9855_AUTODXT_FDD461EC4EDF5F99C659709B7A42E__FBBDD204E59CC3E3C9749161169905E65779DA9A.udd" 595
"C:/Users/Chris/AppData/Local/UnrealEngine/Common/DerivedDataCache/0/7/5/TEXTURE_814DCC3DC72143F49509781513CB9855_AUTODXT_FDD461EC4EDF5F99C659709B7A42E__A862D430A5BD3851806098886F46A0DB4C02712D.udd" 596
"C:/Users/Chris/AppData/Local/UnrealEngine/Common/DerivedDataCache/7/8/4/TEXTURE_814DCC3DC72143F49509781513CB9855_AUTODXT_FDD461EC4EDF5F99C659709B7A42E__D3B9066E064FF8485C582FA787D958A7AE111964.udd" 597
"C:/Users/Chris/AppData/Local/UnrealEngine/Common/DerivedDataCache/6/6/3/TEXTURE_814DCC3DC72143F49509781513CB9855_AUTODXT_FDD461EC4EDF5F99C659709B7A42E__5D8E67CBA0F04E790BD64833DFE9997DDB1D33F0.udd" 598
"C:/Users/Chris/AppData/Local/UnrealEngine/Common/DerivedDataCache/6/4/4/TEXTURE_814DCC3DC72143F49509781513CB9855_BC5_565E0359430950FA252A118AF8521636___AFD2E7B6C000DBB57C3C2251719C132A8B58702E.udd" 599
"C:/Users/Chris/AppData/Local/UnrealEngine/Common/DerivedDataCache/6/6/2/TEXTURE_814DCC3DC72143F49509781513CB9855_BC5_565E0359430950FA252A118AF8521636___1978717988CE205C32B2214CC1D518693DF7C4D6.udd" 600
"C:/Users/Chris/AppData/Local/UnrealEngine/Common/DerivedDataCache/6/3/0/TEXTURE_814DCC3DC72143F49509781513CB9855_BC5_565E0359430950FA252A118AF8521636___018F4075D3397499A38D84DACDCE819C495D7211.udd" 601
"C:/Users/Chris/AppData/Local/UnrealEngine/Common/DerivedDataCache/4/1/5/TEXTURE_814DCC3DC72143F49509781513CB9855_AUTODXT_B21C1AFF42ACD5ADC8C382B3A090A__DD3D508F2B287118D83B2811676DC879755E7F88.udd" 602
"C:/Users/Chris/AppData/Local/UnrealEngine/Common/DerivedDataCache/3/3/4/TEXTURE_814DCC3DC72143F49509781513CB9855_AUTODXT_B21C1AFF42ACD5ADC8C382B3A090A__F781C0B0C2693BF17FB27AC24C523D4AD3350E86.udd" 603
"C:/Users/Chris/AppData/Local/UnrealEngine/Common/DerivedDataCache/5/7/4/TEXTURE_814DCC3DC72143F49509781513CB9855_AUTODXT_B21C1AFF42ACD5ADC8C382B3A090A__1423AB5FD021F7D2A063652CBFD2D5D24334CF57.udd" 604
"C:/Users/Chris/AppData/Local/UnrealEngine/Common/DerivedDataCache/3/6/9/TEXTURE_814DCC3DC72143F49509781513CB9855_AUTODXT_B21C1AFF42ACD5ADC8C382B3A090A__1AC1C47CE01BB3791E07B3F37B4DEBBD29C103E3.udd" 605
"C:/Users/Chris/AppData/Local/UnrealEngine/Common/DerivedDataCache/6/2/3/TEXTURE_814DCC3DC72143F49509781513CB9855_AUTODXT_B21C1AFF42ACD5ADC8C382B3A090A__EC69846C8DD084F28BBD11A348C2B577D88F8262.udd" 606
"C:/Users/Chris/AppData/Local/UnrealEngine/Common/DerivedDataCache/8/7/3/TEXTURE_814DCC3DC72143F49509781513CB9855_DXT1_15564967414184874DBCB89C44D5959C__BA34306FE8A99B5C640F036EF7E052585535A66C.udd" 607
"C:/Users/Chris/AppData/Local/UnrealEngine/Common/DerivedDataCache/6/0/3/TEXTURE_814DCC3DC72143F49509781513CB9855_DXT1_15564967414184874DBCB89C44D5959C__02B54665C520D91F5F701748C4780F8A6005FD33.udd" 608
"C:/Users/Chris/AppData/Local/UnrealEngine/Common/DerivedDataCache/1/9/6/TEXTURE_814DCC3DC72143F49509781513CB9855_BGRA8_B19E8D43472CA8B277E8CCA8993996A__878CA4B0813C95120A256C74CF1AC98FA54BEF64.udd" 609
"C:/Users/Chris/AppData/Local/UnrealEngine/Common/DerivedDataCache/4/6/4/TEXTURE_814DCC3DC72143F49509781513CB9855_AUTODXT_55809E694EE7DB292235CC917A5C5__581C558B12F92DA8D70F4F628DF65CDCF5AECBC8.udd" 610
"C:/Users/Chris/AppData/Local/UnrealEngine/Common/DerivedDataCache/7/0/5/TEXTURE_814DCC3DC72143F49509781513CB9855_AUTODXT_55809E694EE7DB292235CC917A5C5__0DEE01AFDCD63EDCE050864E9B2048808D3D7B82.udd" 611
"C:/Users/Chris/AppData/Local/UnrealEngine/Common/DerivedDataCache/1/8/3/TEXTURE_814DCC3DC72143F49509781513CB9855_AUTODXT_55809E694EE7DB292235CC917A5C5__60C01A3D2DE5A93AFF7EF8C568AEB262FC04DA19.udd" 612
"C:/Users/Chris/AppData/Local/UnrealEngine/Common/DerivedDataCache/2/5/8/TEXTURE_814DCC3DC72143F49509781513CB9855_AUTODXT_7BC0404946D77A8C093A10AE0677E__AFBD176B0024CACEDD89C5FD04DBA1FA2128794D.udd" 613
"C:/Users/Chris/AppData/Local/UnrealEngine/Common/DerivedDataCache/0/8/3/TEXTURE_814DCC3DC72143F49509781513CB9855_AUTODXT_7BC0404946D77A8C093A10AE0677E__A1D8A03E2549AA9BBB14D25D58C22DB5DF625B64.udd" 614
"..\..\..\Engine\Content\Internationalization\icudt53l\zoneinfo64.res" 615
"C:/Users/Chris/AppData/Local/UnrealEngine/Common/DerivedDataCache/0/1/3/TEXTURE_814DCC3DC72143F49509781513CB9855_G8_C13BD2BB45C48968C13E6F8322E0CF1A_0__A856BDB1C74F641C3E5A497386077ABA922667E4.udd" 616
"C:/Users/Chris/AppData/Local/UnrealEngine/Common/DerivedDataCache/5/9/6/TEXTURE_814DCC3DC72143F49509781513CB9855_BGRA8_D0FECEC94BB5E3DA0C23C4AB41A933F__8F9DB62806B4C14D8538F690E769D615317FCDE6.udd" 617
"C:/Users/Chris/AppData/Local/UnrealEngine/Common/DerivedDataCache/1/0/7/TEXTURE_814DCC3DC72143F49509781513CB9855_BGRA8_D0FECEC94BB5E3DA0C23C4AB41A933F__0192091683E28B4FA9F5BFB80F26E676346450A0.udd" 618
"C:/Users/Chris/AppData/Local/UnrealEngine/Common/DerivedDataCache/3/5/9/TEXTURE_814DCC3DC72143F49509781513CB9855_BGRA8_D0FECEC94BB5E3DA0C23C4AB41A933F__0FAFFDBB32ED72F358A7388C9AB6FE8088A36D2F.udd" 619
"C:/Users/Chris/AppData/Local/UnrealEngine/Common/DerivedDataCache/5/1/3/TEXTURE_814DCC3DC72143F49509781513CB9855_BGRA8_C6F046E346DE53E9987E70930FC6D31__2BC58C7103301983DEFA01C3C389866FD917AABF.udd" 620
"C:/Users/Chris/AppData/Local/UnrealEngine/Common/DerivedDataCache/6/1/2/TEXTURE_814DCC3DC72143F49509781513CB9855_AUTODXT_1EC0B18B47E75959952584B5D8D9E__61476F8F01150CA0879C3ACC7FFBE61559C32272.udd" 621
"C:/Users/Chris/AppData/Local/UnrealEngine/Common/DerivedDataCache/7/5/8/TEXTURE_814DCC3DC72143F49509781513CB9855_AUTODXT_3D7D3365419CADDBF5E531B12CF16__2D210BC742A9A071850B8696B3B5F3BFB91FB2AC.udd" 622
"C:/Users/Chris/AppData/Local/UnrealEngine/Common/DerivedDataCache/3/9/8/TEXTURE_814DCC3DC72143F49509781513CB9855_AUTODXT_3CAC1F094FB87A98E53D7D8A24643__0ADB52FC1C87E64467B7229C368AA2DCF86DFE5B.udd" 623
"C:/Users/Chris/AppData/Local/UnrealEngine/Common/DerivedDataCache/8/6/4/TEXTURE_814DCC3DC72143F49509781513CB9855_AUTODXT_33CBEF834D7D60ED9D58E5940B7B2__09AEB2AC23FA45423CA92F569A7187888552681E.udd" 624
"C:/Users/Chris/AppData/Local/UnrealEngine/Common/DerivedDataCache/7/6/3/TEXTURE_814DCC3DC72143F49509781513CB9855_AUTODXT_CBF5B13548AB62E6A9ADA387D1FEB__4A9FB5D124DCA445BD27564DB3B0A06172F0D4A8.udd" 625
"C:/Users/Chris/AppData/Local/UnrealEngine/Common/DerivedDataCache/3/8/0/TEXTURE_814DCC3DC72143F49509781513CB9855_AUTODXT_E38B68B34F759D23C6E5CD925E4D1__24693E2BCBEB7164B3FBD7F012A1856992CF6BAC.udd" 626
"C:/Users/Chris/AppData/Local/UnrealEngine/Common/DerivedDataCache/7/4/7/TEXTURE_814DCC3DC72143F49509781513CB9855_AUTODXT_E55F8197440DD2855E7F4D9816C88__4B98C29CAB8DC3858D2FD1924BF032569B0064F4.udd" 627
"C:/Users/Chris/AppData/Local/UnrealEngine/Common/DerivedDataCache/6/1/4/TEXTURE_814DCC3DC72143F49509781513CB9855_AUTODXT_A6C0C4B74D09BE1A7E2C31B7CA775__8240F4F76015DBCE4BBDAE52B1233C28F14FBA6D.udd" 628
"C:/Users/Chris/AppData/Local/UnrealEngine/Common/DerivedDataCache/7/3/3/TEXTURE_814DCC3DC72143F49509781513CB9855_AUTODXT_7D98C11E41884B4A67A497A07B028__D056AE9858611F8551086C386BCEE9909E137C18.udd" 629
"C:/Users/Chris/AppData/Local/UnrealEngine/Common/DerivedDataCache/4/1/1/TEXTURE_814DCC3DC72143F49509781513CB9855_AUTODXT_74A80EB64112E46096AE17A812C2E__E433C23A316779D3C7021F55A16B60C3D3A3BD33.udd" 630
"C:/Users/Chris/AppData/Local/UnrealEngine/Common/DerivedDataCache/5/8/2/TEXTURE_814DCC3DC72143F49509781513CB9855_AUTODXT_264ABDF14257816FFA9477A6F6A19__303B98F4E304FB93C820CBC3D56044C65F0B73B1.udd" 631
"C:/Users/Chris/AppData/Local/UnrealEngine/Common/DerivedDataCache/2/7/5/TEXTURE_814DCC3DC72143F49509781513CB9855_AUTODXT_025102BB43BBEAC3F075788919382__7E08700D2950C4E78762A07B2EC79F112D9FC152.udd" 632
"C:/Users/Chris/AppData/Local/UnrealEngine/Common/DerivedDataCache/2/3/3/TEXTURE_814DCC3DC72143F49509781513CB9855_AUTODXT_C55865344733442FBAD7D29E0B657__FFD7EA1B74583C7B5E036A22683727F92263078B.udd" 633
"C:/Users/Chris/AppData/Local/UnrealEngine/Common/DerivedDataCache/2/8/5/TEXTURE_814DCC3DC72143F49509781513CB9855_AUTODXT_6A6029554EC6CEDCFFC9E0836D465__15055B7217D64E5B0C68FF0F1248D0C8B2998C2C.udd" 634
"C:/Users/Chris/AppData/Local/UnrealEngine/Common/DerivedDataCache/8/5/4/TEXTURE_814DCC3DC72143F49509781513CB9855_DXT1_C349D2FA2A30FC1134357D3272F2DC90__9CAE132C99390C163EA7822A81369E3926FE8834.udd" 635
"C:/Users/Chris/AppData/Local/UnrealEngine/Common/DerivedDataCache/0/3/8/TEXTURE_814DCC3DC72143F49509781513CB9855_BGRA8_72107D3F4110EAEF3BE5D5841EFE141__EBFABFC50FA425319A0ADC765708F5FF2CC0430C.udd" 636
"C:/Users/Chris/AppData/Local/UnrealEngine/Common/DerivedDataCache/5/3/4/TEXTURE_814DCC3DC72143F49509781513CB9855_BGRA8_D3CEBA6D46C9A259115E97AB0F4C15D__D48CF3D72478D4898EA5113CA76D953D7794E8EB.udd" 637
"C:/Users/Chris/AppData/Local/UnrealEngine/Common/DerivedDataCache/0/6/3/TEXTURE_814DCC3DC72143F49509781513CB9855_AUTODXT_584A79B6465982423406428F0D776__7E8A800BE546D16101C11CDEE1840BBEF21B464F.udd" 638
"C:/Users/Chris/AppData/Local/UnrealEngine/Common/DerivedDataCache/7/7/4/TEXTURE_814DCC3DC72143F49509781513CB9855_AUTODXT_584A79B6465982423406428F0D776__61F5CC0CCE5D9CD95B83AA1CB53B0B5FE41AC847.udd" 639
"C:/Users/Chris/AppData/Local/UnrealEngine/Common/DerivedDataCache/8/6/1/TEXTURE_814DCC3DC72143F49509781513CB9855_AUTODXT_5075C5404C9665C57F66B49F2C5D8__7BA33EC7187D56264DE83DF9D074BF06C46EB7D8.udd" 640
"C:/Users/Chris/AppData/Local/UnrealEngine/Common/DerivedDataCache/6/8/5/TEXTURE_814DCC3DC72143F49509781513CB9855_AUTODXT_5075C5404C9665C57F66B49F2C5D8__8A675B9A7E86ED55344E993623F4FE067048B76B.udd" 641
"C:/Users/Chris/AppData/Local/UnrealEngine/Common/DerivedDataCache/3/1/0/TEXTURE_814DCC3DC72143F49509781513CB9855_AUTODXT_5075C5404C9665C57F66B49F2C5D8__23B11D0C14DC5B9C0C0D81B28ED055E07DD24DBD.udd" 642
"C:/Users/Chris/AppData/Local/UnrealEngine/Common/DerivedDataCache/9/9/2/TEXTURE_814DCC3DC72143F49509781513CB9855_AUTODXT_5075C5404C9665C57F66B49F2C5D8__87E57DDE6EEE045F0A3F4444DC7E5DDBEB9DA85E.udd" 643
"C:/Users/Chris/AppData/Local/UnrealEngine/Common/DerivedDataCache/2/2/6/TEXTURE_814DCC3DC72143F49509781513CB9855_G8_1C2B54F74EBDC3C23B1A0B85D55D159C_0__2E2A404ABA0B1D38FA0F8DFA476C0ECE606A40A4.udd" 644
"C:/Users/Chris/AppData/Local/UnrealEngine/Common/DerivedDataCache/4/7/9/TEXTURE_814DCC3DC72143F49509781513CB9855_BGRA8_52C2D2044F80407BBABA8CB2BA04F4F__FDB37FDECA0F67A24577A4436B3C2D9D715FD7D7.udd" 645
"C:/Users/Chris/AppData/Local/UnrealEngine/Common/DerivedDataCache/2/9/2/TEXTURE_814DCC3DC72143F49509781513CB9855_BGRA8_A28EC0C4486158C85466808599E49A4__1FF86D5F10DF5DA41E6C385F79D34A8F73D47BF5.udd" 646
"C:/Users/Chris/AppData/Local/UnrealEngine/Common/DerivedDataCache/4/2/1/TEXTURE_814DCC3DC72143F49509781513CB9855_AUTODXT_B1F6A23D46761DA1743FBE984F9E8__A7029B9659C79ED952199638E34300F568BEC77C.udd" 647
"C:/Users/Chris/AppData/Local/UnrealEngine/Common/DerivedDataCache/9/6/6/TEXTURE_814DCC3DC72143F49509781513CB9855_BGRA8_9B0249994A9B1B14D96CD7BB7A90FB3__2A18DC3AB953CB11B5A51E842996745AAD44A376.udd" 648
"C:/Users/Chris/AppData/Local/UnrealEngine/Common/DerivedDataCache/3/7/2/TEXTURE_814DCC3DC72143F49509781513CB9855_AUTODXT_95D01D314436990422EF30A4E4FA2__A0EA230C82B6516917DBF6AD6916F36C2FF78A30.udd" 649
"C:/Users/Chris/AppData/Local/UnrealEngine/Common/DerivedDataCache/4/8/1/TEXTURE_814DCC3DC72143F49509781513CB9855_AUTODXT_95D01D314436990422EF30A4E4FA2__E2300CE8A9419ECFFDE837D77935F89934CEF43F.udd" 650
"C:/Users/Chris/AppData/Local/UnrealEngine/Common/DerivedDataCache/5/9/3/TEXTURE_814DCC3DC72143F49509781513CB9855_AUTODXT_09053A42486F57C671A2B9B0F6272__7081BA232D94CF58FB5C793F5EA542CA762D0E8E.udd" 651
"C:/Users/Chris/AppData/Local/UnrealEngine/Common/DerivedDataCache/2/3/9/TEXTURE_814DCC3DC72143F49509781513CB9855_AUTODXT_B07BB94C4024838454154883B7876__59CB28ED8FB21C25306FDB3AEC6027252B011A56.udd" 652
"C:/Users/Chris/AppData/Local/UnrealEngine/Common/DerivedDataCache/7/1/1/TEXTURE_814DCC3DC72143F49509781513CB9855_BC5_122003924E39A572EF68B5BAC8A94B51___9FBDDF4EB276B8BA831B407333B50058434512F0.udd" 653
"C:/Users/Chris/AppData/Local/UnrealEngine/Common/DerivedDataCache/0/3/8/TEXTURE_814DCC3DC72143F49509781513CB9855_BC5_122003924E39A572EF68B5BAC8A94B51___037856683106E4241EAD8BEE93431A83B08125FA.udd" 654
"C:/Users/Chris/AppData/Local/UnrealEngine/Common/DerivedDataCache/0/0/0/TEXTURE_814DCC3DC72143F49509781513CB9855_BC5_122003924E39A572EF68B5BAC8A94B51___38C5FF9F221EECA031284DB671BE97419303D3FF.udd" 655
"C:/Users/Chris/AppData/Local/UnrealEngine/Common/DerivedDataCache/8/3/2/TEXTURE_814DCC3DC72143F49509781513CB9855_BC5_122003924E39A572EF68B5BAC8A94B51___583274C5548641E4D316B5211CA80ED9EBB46352.udd" 656
"C:/Users/Chris/AppData/Local/UnrealEngine/Common/DerivedDataCache/6/6/3/TEXTURE_814DCC3DC72143F49509781513CB9855_BC5_122003924E39A572EF68B5BAC8A94B51___3D141379DF2D9F7B91E53461EF61C5C490A5CA9E.udd" 657
"C:/Users/Chris/AppData/Local/UnrealEngine/Common/DerivedDataCache/3/7/6/TEXTURE_814DCC3DC72143F49509781513CB9855_AUTODXT_6A00F1654C244F95E8B15E9A15BE5__9F6FE039175A88CA1E577272AF00572DA13D0688.udd" 658
"C:/Users/Chris/AppData/Local/UnrealEngine/Common/DerivedDataCache/2/6/2/TEXTURE_814DCC3DC72143F49509781513CB9855_BGRA8_300F91D746B84377794E1FA74622CC3__2073FDC26C5DBF30C2FB036D844C862F26A2F643.udd" 659
"C:/Users/Chris/AppData/Local/UnrealEngine/Common/DerivedDataCache/5/9/2/TEXTURE_814DCC3DC72143F49509781513CB9855_BGRA8_300F91D746B84377794E1FA74622CC3__9F605741DC6FBB382FA6D1D4D44DE97500E66E80.udd" 660
"C:/Users/Chris/AppData/Local/UnrealEngine/Common/DerivedDataCache/1/3/3/TEXTURE_814DCC3DC72143F49509781513CB9855_BGRA8_300F91D746B84377794E1FA74622CC3__215679D37B32B731D166A2C5BC282D079163F18C.udd" 661
"C:/Users/Chris/AppData/Local/UnrealEngine/Common/DerivedDataCache/2/9/9/TEXTURE_814DCC3DC72143F49509781513CB9855_BGRA8_300F91D746B84377794E1FA74622CC3__D37F66297C91D3F89DE52480ABFD1F6D2C9E8415.udd" 662
"C:/Users/Chris/AppData/Local/UnrealEngine/Common/DerivedDataCache/5/0/2/TEXTURE_814DCC3DC72143F49509781513CB9855_BGRA8_EFCCE016429008D9D6575CB3A2DF598__39BAC2122003850C17C596FDCC86C3D212DE5A4A.udd" 663
"C:/Users/Chris/AppData/Local/UnrealEngine/Common/DerivedDataCache/3/8/9/TEXTURE_814DCC3DC72143F49509781513CB9855_BGRA8_EFCCE016429008D9D6575CB3A2DF598__16171D0A279E1163332B683EBEBC3BC1F3E98016.udd" 664
"C:/Users/Chris/AppData/Local/UnrealEngine/Common/DerivedDataCache/5/9/6/TEXTURE_814DCC3DC72143F49509781513CB9855_BGRA8_EFCCE016429008D9D6575CB3A2DF598__77E8DEFEC5BF83A9B1B48AF3C7ACE93859F616D2.udd" 665
"C:/Users/Chris/AppData/Local/UnrealEngine/Common/DerivedDataCache/9/7/6/TEXTURE_814DCC3DC72143F49509781513CB9855_BGRA8_EFCCE016429008D9D6575CB3A2DF598__C4821DF4BD82BD0E3E860F170714F74BB99AF852.udd" 666
"C:/Users/Chris/AppData/Local/UnrealEngine/Common/DerivedDataCache/7/7/0/TEXTURE_814DCC3DC72143F49509781513CB9855_AUTODXT_A5E28525480F8268BF36ABA7EBDFC__BBE6AC1ADE65EE988161E1412C57E3F88174E6E2.udd" 667
"C:/Users/Chris/AppData/Local/UnrealEngine/Common/DerivedDataCache/4/6/9/TEXTURE_814DCC3DC72143F49509781513CB9855_AUTODXT_A5E28525480F8268BF36ABA7EBDFC__D15C98456623C6C3BCC0ECDFC5974B6BDD0D448E.udd" 668
"C:/Users/Chris/AppData/Local/UnrealEngine/Common/DerivedDataCache/0/9/5/TEXTURE_814DCC3DC72143F49509781513CB9855_AUTODXT_A5E28525480F8268BF36ABA7EBDFC__00BD96E3D4B0209194F30AC4FF54B8401CAFEB15.udd" 669
"C:/Users/Chris/AppData/Local/UnrealEngine/Common/DerivedDataCache/1/2/8/TEXTURE_814DCC3DC72143F49509781513CB9855_AUTODXT_A5E28525480F8268BF36ABA7EBDFC__D4A89CA09F54473C731C25FAB8E0491229BB809A.udd" 670
"C:/Users/Chris/AppData/Local/UnrealEngine/Common/DerivedDataCache/5/8/4/TEXTURE_814DCC3DC72143F49509781513CB9855_BGRA8_4963A1D64E358284C2A151B90C2ACE2__0877A119ECF8D290E51A42A8C457FAB4635C4CE5.udd" 671
"C:/Users/Chris/AppData/Local/UnrealEngine/Common/DerivedDataCache/0/1/7/TEXTURE_814DCC3DC72143F49509781513CB9855_BGRA8_70FBE2144E9E03B3586828844F8F9E3__AAD3CE188F72F692D5AA9967E2CA3DEDA43A777F.udd" 672
"C:/Users/Chris/AppData/Local/UnrealEngine/Common/DerivedDataCache/7/4/9/TEXTURE_814DCC3DC72143F49509781513CB9855_BGRA8_8F68DA7846EE5B1FF2DDDC9433F817A__9FDFF1F38E2A447698C25ADA8828C9B7E78C264B.udd" 673
"C:/Users/Chris/AppData/Local/UnrealEngine/Common/DerivedDataCache/7/6/3/TEXTURE_814DCC3DC72143F49509781513CB9855_BGRA8_D07216FC40952418CFE0E28778D79B2__89B7DC46CA82953BBE8057421208BB96E5C619A9.udd" 674
"C:/Users/Chris/AppData/Local/UnrealEngine/Common/DerivedDataCache/0/5/7/TEXTURE_814DCC3DC72143F49509781513CB9855_BGRA8_0334AFB24D2E5AA9081F9BAFF9F95EE__ED95787AC12E31E95E769FBE5E7BFB4D77C53CB8.udd" 675
"C:/Users/Chris/AppData/Local/UnrealEngine/Common/DerivedDataCache/6/2/6/TEXTURE_814DCC3DC72143F49509781513CB9855_BGRA8_2140CA5B4637C285519D6D91BA9973B__42CF69DB21C149F8C8271914F4141A7EA80E9870.udd" 676
"C:/Users/Chris/AppData/Local/UnrealEngine/Common/DerivedDataCache/9/3/5/TEXTURE_814DCC3DC72143F49509781513CB9855_BGRA8_8A9D9D2A48FA9339997AE79343CFD87__6E53AEB85A1CEED333B46798B5D732E0DB5F7973.udd" 677
"C:/Users/Chris/AppData/Local/UnrealEngine/Common/DerivedDataCache/2/5/9/TEXTURE_814DCC3DC72143F49509781513CB9855_BGRA8_4957CBA74161F467DABFBE98D2CA62A__E14509477DFD3EB2EB2DB6FA164EBF60B21B7043.udd" 678
"C:/Users/Chris/AppData/Local/UnrealEngine/Common/DerivedDataCache/1/7/6/TEXTURE_814DCC3DC72143F49509781513CB9855_DXT1_A1C52E6A43A1109B0752B4B5980EA23D__1505695EACEF450B2360F157025789324808F0DA.udd" 679
"C:/Users/Chris/AppData/Local/UnrealEngine/Common/DerivedDataCache/0/5/3/TEXTURE_814DCC3DC72143F49509781513CB9855_DXT1_A1C52E6A43A1109B0752B4B5980EA23D__19C07A42E8FFF97ABC69C34699A576D945BD4355.udd" 680
"C:/Users/Chris/AppData/Local/UnrealEngine/Common/DerivedDataCache/5/7/5/TEXTURE_814DCC3DC72143F49509781513CB9855_DXT1_A1C52E6A43A1109B0752B4B5980EA23D__13B1A9B7BAD5E041E94F1297BAC2994831BCC747.udd" 681
"C:/Users/Chris/AppData/Local/UnrealEngine/Common/DerivedDataCache/0/1/7/TEXTURE_814DCC3DC72143F49509781513CB9855_DXT1_A1C52E6A43A1109B0752B4B5980EA23D__47F65D18336D505959807819EE470740C5B0779E.udd" 682
"C:/Users/Chris/AppData/Local/UnrealEngine/Common/DerivedDataCache/2/4/3/TEXTURE_814DCC3DC72143F49509781513CB9855_AUTODXT_3648AA2A4A658DE90371B081D8DC7__79EA3066C05F876B5B83AAF3F2792679C0B0BD18.udd" 683
"C:/Users/Chris/AppData/Local/UnrealEngine/Common/DerivedDataCache/8/5/2/TEXTURE_814DCC3DC72143F49509781513CB9855_AUTODXT_3648AA2A4A658DE90371B081D8DC7__A0C5FAA70C9D1F7FBDCF20FBA9C2B95CACCFBAC6.udd" 684
"C:/Users/Chris/AppData/Local/UnrealEngine/Common/DerivedDataCache/4/9/7/TEXTURE_814DCC3DC72143F49509781513CB9855_AUTODXT_3648AA2A4A658DE90371B081D8DC7__7E6587768D291C2DD39DBF683F7B093F6EEEA5B0.udd" 685
"C:/Users/Chris/AppData/Local/UnrealEngine/Common/DerivedDataCache/5/9/9/TEXTURE_814DCC3DC72143F49509781513CB9855_AUTODXT_3648AA2A4A658DE90371B081D8DC7__9209AC813937D05A33648E084F51F5CDEDFAA6F7.udd" 686
"C:/Users/Chris/AppData/Local/UnrealEngine/Common/DerivedDataCache/2/3/0/TEXTURE_814DCC3DC72143F49509781513CB9855_AUTODXT_3648AA2A4A658DE90371B081D8DC7__9024C3FF7AA8FAC8E5F28E06510B42EAEFCD0F19.udd" 687
"C:/Users/Chris/AppData/Local/UnrealEngine/Common/DerivedDataCache/4/6/3/TEXTURE_814DCC3DC72143F49509781513CB9855_AUTODXT_91A201FE4781221C42DEDE91696E4__389E3E4629443564C58A30B0EE957E4A834EE893.udd" 688
"C:/Users/Chris/AppData/Local/UnrealEngine/Common/DerivedDataCache/6/2/3/TEXTURE_814DCC3DC72143F49509781513CB9855_AUTODXT_91A201FE4781221C42DEDE91696E4__3DBDECE29606A698D5C4A0999706EDB1D150A05A.udd" 689
"C:/Users/Chris/AppData/Local/UnrealEngine/Common/DerivedDataCache/6/9/3/TEXTURE_814DCC3DC72143F49509781513CB9855_AUTODXT_91A201FE4781221C42DEDE91696E4__10B419121147129CD66800CC97EDE0AD2FF2BC3B.udd" 690
"C:/Users/Chris/AppData/Local/UnrealEngine/Common/DerivedDataCache/6/4/5/TEXTURE_814DCC3DC72143F49509781513CB9855_AUTODXT_91A201FE4781221C42DEDE91696E4__728CB71FAFD2E4C073DBD859949037CB00598117.udd" 691
"C:/Users/Chris/AppData/Local/UnrealEngine/Common/DerivedDataCache/8/3/9/TEXTURE_814DCC3DC72143F49509781513CB9855_BGRA8_BCE8FE5741A00FEBD2B9A5B20374AA1__4410B99AB8D8E546A8817042EF75F318D48732CD.udd" 692
"../../../Engine/Content/MobileResources/HUD/MobileHUDDirectionPad2.uasset" 693
"C:/Users/Chris/AppData/Local/UnrealEngine/Common/DerivedDataCache/1/5/9/TEXTURE_814DCC3DC72143F49509781513CB9855_AUTODXT_F562DDF94D8D885AE92078A9DD770__536E815204A7A55A1C3DC28912842A9998DC951D.udd" 694
"C:/Users/Chris/AppData/Local/UnrealEngine/Common/DerivedDataCache/5/5/2/TEXTURE_814DCC3DC72143F49509781513CB9855_AUTODXT_F562DDF94D8D885AE92078A9DD770__E711B9F5E3FE93BF616817FF2150AFFDB1723C2E.udd" 695
"C:/Users/Chris/AppData/Local/UnrealEngine/Common/DerivedDataCache/1/7/9/TEXTURE_814DCC3DC72143F49509781513CB9855_AUTODXT_F562DDF94D8D885AE92078A9DD770__A885F07B0952CD16CE13DADC3D75FAA72804CE9A.udd" 696
"C:/Users/Chris/AppData/Local/UnrealEngine/Common/DerivedDataCache/5/4/8/TEXTURE_814DCC3DC72143F49509781513CB9855_BGRA8_BD2910D742B4B4778E3374B97767851__F910B2E0445BFA5900D0CD3EC9C80B5608789FD4.udd" 697
"../../../Engine/Content/MobileResources/HUD/MobileHUDButton3.uasset" 698
"C:/Users/Chris/AppData/Local/UnrealEngine/Common/DerivedDataCache/5/6/6/TEXTURE_814DCC3DC72143F49509781513CB9855_AUTODXT_C49FDA8C4EFE04B87EBA5CB5A57D2__068B523AE52B2D61E14EDFB3764754121E26AA52.udd" 699
"../../../Engine/Content/EngineSky/BP_Sky_Sphere.uasset" 700
"../../../Engine/Content/EngineSky/C_Sky_Cloud_Color.uasset" 701
"../../../Engine/Content/EngineSky/C_Sky_Horizon_Color.uasset" 702
"../../../Engine/Content/EngineSky/C_Sky_Zenith_Color.uasset" 703
"../../../Engine/Content/EngineSky/M_Sky_Panning_Clouds2.uasset" 704
"../../../Engine/Content/EngineSky/T_Sky_Blue.uasset" 705
"../../../Engine/Content/EngineSky/T_Sky_Clouds_M.uasset" 706
"../../../Engine/Content/EngineSky/T_Sky_Stars.uasset" 707
"../../../Engine/Content/EngineSky/SM_SkySphere.uasset" 708
"../../../Engine/Content/MapTemplates/SM_Template_Map_Floor.uasset" 709
"C:/Users/Chris/AppData/Local/UnrealEngine/Common/DerivedDataCache/0/5/5/TEXTURE_814DCC3DC72143F49509781513CB9855_AUTODXT_632746044828C065FE5B9F9D61821__D0C16C7F179B7C289234A64FE512487BF5EF5B36.udd" 710
"C:/Users/Chris/AppData/Local/UnrealEngine/Common/DerivedDataCache/1/4/6/TEXTURE_814DCC3DC72143F49509781513CB9855_DXT1_95FE44BC4C3AF942427110AA6A3EE7FD__3BF779AAA01A235AD3B2A1E8DC9D366F2AF6BA79.udd" 711
"C:/Users/Chris/AppData/Local/UnrealEngine/Common/DerivedDataCache/4/2/5/TEXTURE_814DCC3DC72143F49509781513CB9855_AUTODXT_CF42979D4C189447D5D7398920532__FA29B1CED598FE8B243F816407EA6167D0320F6B.udd" 712
"C:/Users/Chris/AppData/Local/UnrealEngine/Common/DerivedDataCache/1/8/3/TEXTURE_814DCC3DC72143F49509781513CB9855_AUTODXT_632746044828C065FE5B9F9D61821__95D4E3A9E401CE39701D8099D2C040E179859EE1.udd" 713
"C:/Users/Chris/AppData/Local/UnrealEngine/Common/DerivedDataCache/9/0/7/TEXTURE_814DCC3DC72143F49509781513CB9855_BGRA8_60A352CF43B9EDDA32242EBD348626C__6236DDF59DF4D12389D6AFF8BB7D1B1CFF62AB8C.udd" 714
"C:/Users/Chris/AppData/Local/UnrealEngine/Common/DerivedDataCache/6/0/6/TEXTURE_814DCC3DC72143F49509781513CB9855_BGRA8_FEB885274856E350932B72921DDDDFD__5F0F36A6D6499DB500E06D9B75B9A0565206D537.udd" 715
"C:/Users/Chris/AppData/Local/UnrealEngine/Common/DerivedDataCache/6/1/1/TEXTURE_814DCC3DC72143F49509781513CB9855_AUTODXT_632746044828C065FE5B9F9D61821__DECFC633C17A868D3220544EF07579368532CDE1.udd" 716
"C:/Users/Chris/AppData/Local/UnrealEngine/Common/DerivedDataCache/4/2/7/TEXTURE_814DCC3DC72143F49509781513CB9855_BGRA8_6D553E764206C7A526115293065E3B4__03735996D36B1CD15BCEA5071525E45E9053D970.udd" 717
"C:/Users/Chris/AppData/Local/UnrealEngine/Common/DerivedDataCache/6/3/2/TEXTURE_814DCC3DC72143F49509781513CB9855_BGRA8_60A352CF43B9EDDA32242EBD348626C__0C8996B189BBA92BF73AB02547363578140F4B49.udd" 718
"C:/Users/Chris/AppData/Local/UnrealEngine/Common/DerivedDataCache/6/3/2/TEXTURE_814DCC3DC72143F49509781513CB9855_DXT1_AEE890C24D76668D7FC6C18EAC3EE8C2__180FBC1BE4B11B218B12B7F09E88F9D93D83EBED.udd" 719
"C:/Users/Chris/AppData/Local/UnrealEngine/Common/DerivedDataCache/8/1/3/TEXTURE_814DCC3DC72143F49509781513CB9855_BGRA8_6D553E764206C7A526115293065E3B4__0BC6603F1C6615844033041AC7F8D6B65F64DBA0.udd" 720
"C:/Users/Chris/AppData/Local/UnrealEngine/Common/DerivedDataCache/7/5/9/TEXTURE_814DCC3DC72143F49509781513CB9855_AUTODXT_0826AF7846D396A549BF7799E7C45__A8C14F18E7E9A1A4263B5C5028300A2EDB52C0CC.udd" 721
"C:/Users/Chris/AppData/Local/UnrealEngine/Common/DerivedDataCache/5/8/6/TEXTURE_814DCC3DC72143F49509781513CB9855_BGRA8_6D553E764206C7A526115293065E3B4__F987F15809CC7DB3F5E054100A89615C536CEE2F.udd" 722
"C:/Users/Chris/AppData/Local/UnrealEngine/Common/DerivedDataCache/6/6/7/TEXTURE_814DCC3DC72143F49509781513CB9855_BGRA8_60A352CF43B9EDDA32242EBD348626C__B53D784E9F2D31EA888250F37247E803D6942EF6.udd" 723
"C:/Users/Chris/AppData/Local/UnrealEngine/Common/DerivedDataCache/4/7/1/TEXTURE_814DCC3DC72143F49509781513CB9855_DXT1_AEE890C24D76668D7FC6C18EAC3EE8C2__F82D9ADAA16895507DF87F5B973533D8D78E18AF.udd" 724
"C:/Users/Chris/AppData/Local/UnrealEngine/Common/DerivedDataCache/9/3/6/TEXTURE_814DCC3DC72143F49509781513CB9855_AUTODXT_0826AF7846D396A549BF7799E7C45__6A64E03EE1DB0A8876A1BA5420E6B4C294B61BC8.udd" 725
"C:/Users/Chris/AppData/Local/UnrealEngine/Common/DerivedDataCache/0/8/9/TEXTURE_814DCC3DC72143F49509781513CB9855_DXT1_AEE890C24D76668D7FC6C18EAC3EE8C2__B2A2D6A5E89F2F114F64EA2F640572F12B346643.udd" 726
"C:/Users/Chris/AppData/Local/UnrealEngine/Common/DerivedDataCache/4/8/9/TEXTURE_814DCC3DC72143F49509781513CB9855_AUTODXT_0826AF7846D396A549BF7799E7C45__8ADA033149FC574A58919A3192C37EBB99415E75.udd" 727
"../../../Engine/Content/EditorResources/EmptyActor.uasset" 728
"C:/Users/Chris/AppData/Local/UnrealEngine/Common/DerivedDataCache/0/8/5/TEXTURE_814DCC3DC72143F49509781513CB9855_AUTODXT_52640BB9425F976C53CF3FA787E7A__A00DDDDDBF6B391C42CE5DF0F1CB9F5FE88EFD80.udd" 729
"C:/Users/Chris/AppData/Local/UnrealEngine/Common/DerivedDataCache/8/7/4/TEXTURE_814DCC3DC72143F49509781513CB9855_AUTODXT_52640BB9425F976C53CF3FA787E7A__FA0745CFAD35B41F70CEACF87C824D99F6653BC8.udd" 730
"C:/Users/Chris/AppData/Local/UnrealEngine/Common/DerivedDataCache/6/4/5/TEXTURE_814DCC3DC72143F49509781513CB9855_AUTODXT_52640BB9425F976C53CF3FA787E7A__8F9207BE8FFC8694E1E8C08320ADF4FD519E5F36.udd" 731
"C:/Users/Chris/AppData/Local/UnrealEngine/Common/DerivedDataCache/6/4/5/TEXTURE_814DCC3DC72143F49509781513CB9855_AUTODXT_52640BB9425F976C53CF3FA787E7A__7051E7E88CD36D27158642FBAF42CDC035D428A7.udd" 732
"C:/Users/Chris/AppData/Local/UnrealEngine/Common/DerivedDataCache/5/4/7/TEXTURE_814DCC3DC72143F49509781513CB9855_BGRA8_017E72834BC6A481B9D2E7B57B15158__033B40A7CD6EDB2A8C5BEC6C104D9FF39FAE99B1.udd" 733
"C:/Users/Chris/AppData/Local/UnrealEngine/Common/DerivedDataCache/4/3/9/TEXTURE_814DCC3DC72143F49509781513CB9855_BGRA8_017E72834BC6A481B9D2E7B57B15158__FDD785012476B36FBFB9EFEFD11F39A3CBC35FE3.udd" 734
"C:/Users/Chris/AppData/Local/UnrealEngine/Common/DerivedDataCache/4/4/8/TEXTURE_814DCC3DC72143F49509781513CB9855_BGRA8_017E72834BC6A481B9D2E7B57B15158__7BCB945C6A82D205AE96C8F204E5B72B3255112D.udd" 735
"C:/Users/Chris/AppData/Local/UnrealEngine/Common/DerivedDataCache/8/4/0/TEXTURE_814DCC3DC72143F49509781513CB9855_BGRA8_017E72834BC6A481B9D2E7B57B15158__659A98AE69E93C35984CE59DFC41B9ADDA0893E2.udd" 736
"C:/Users/Chris/AppData/Local/UnrealEngine/Common/DerivedDataCache/0/0/6/TEXTURE_814DCC3DC72143F49509781513CB9855_BGRA8_017E72834BC6A481B9D2E7B57B15158__9B510A5E2DE9B6D05B20B875A1ABB01D63B60746.udd" 737
"C:/Users/Chris/AppData/Local/UnrealEngine/Common/DerivedDataCache/4/9/5/TEXTURE_814DCC3DC72143F49509781513CB9855_BGRA8_017E72834BC6A481B9D2E7B57B15158__6D829488C3EF91BC7A1CBE9F2A8EEB47433609D9.udd" 738
"C:/Users/Chris/AppData/Local/UnrealEngine/Common/DerivedDataCache/3/4/7/TEXTURE_814DCC3DC72143F49509781513CB9855_AUTODXT_448D83D64D92F14E184FE88142360__96C307B0AE07838F12FB69110D8819F1DE4DDA98.udd" 739
"C:/Users/Chris/AppData/Local/UnrealEngine/Common/DerivedDataCache/5/5/4/TEXTURE_814DCC3DC72143F49509781513CB9855_AUTODXT_448D83D64D92F14E184FE88142360__6C42748001665E34E035A67D1A97970665B2A2DF.udd" 740
"C:/Users/Chris/AppData/Local/UnrealEngine/Common/DerivedDataCache/8/9/1/TEXTURE_814DCC3DC72143F49509781513CB9855_AUTODXT_448D83D64D92F14E184FE88142360__8C11E31833198E6582F84D52D5F1ACE70473B75A.udd" 741
"C:/Users/Chris/AppData/Local/UnrealEngine/Common/DerivedDataCache/8/8/1/TEXTURE_814DCC3DC72143F49509781513CB9855_AUTODXT_448D83D64D92F14E184FE88142360__77CABBFAE8EC0B2957FAC9B994429DCD32275870.udd" 742
"C:/Users/Chris/AppData/Local/UnrealEngine/Common/DerivedDataCache/8/3/1/TEXTURE_814DCC3DC72143F49509781513CB9855_AUTODXT_448D83D64D92F14E184FE88142360__66D7D14BA454FBF72711D62BA47235B802137FEB.udd" 743
"C:/Users/Chris/AppData/Local/UnrealEngine/Common/DerivedDataCache/2/8/4/TEXTURE_814DCC3DC72143F49509781513CB9855_AUTODXT_448D83D64D92F14E184FE88142360__97F0985DFE2D299F60A1729988F9B14FC86C29DD.udd" 744
"C:/Users/Chris/AppData/Local/UnrealEngine/Common/DerivedDataCache/2/3/7/TEXTURE_814DCC3DC72143F49509781513CB9855_BGRA8_9E839E0E4933277AAB67FB869C14F9A__6C60276B70B9624A2973ABC8BB661D66EB844E8D.udd" 745
"C:/Users/Chris/AppData/Local/UnrealEngine/Common/DerivedDataCache/5/7/5/TEXTURE_814DCC3DC72143F49509781513CB9855_BGRA8_9E839E0E4933277AAB67FB869C14F9A__7BC1922C2E345D1ABB0D1BC46468CD9FFCA2B7A5.udd" 746
"C:/Users/Chris/AppData/Local/UnrealEngine/Common/DerivedDataCache/7/9/7/TEXTURE_814DCC3DC72143F49509781513CB9855_BGRA8_9E839E0E4933277AAB67FB869C14F9A__E5BDE673A03B9A061D3CB540CC12BEAC0CAC6739.udd" 747
"../../../Engine/Content/MobileResources/HUD/T_Castle_ThumbstickOutter.uasset" 748
"C:/Users/Chris/AppData/Local/UnrealEngine/Common/DerivedDataCache/8/9/1/TEXTURE_814DCC3DC72143F49509781513CB9855_BGRA8_9F5B2DF1453DB1272733529F5E95869__4EB2A0ED4F34B3CC6C624508CD3BBE64BBA526A0.udd" 749
"../../../Engine/Content/MobileResources/HUD/T_Castle_ThumbstickInner.uasset" 750
"C:/Users/Chris/AppData/Local/UnrealEngine/Common/DerivedDataCache/7/0/6/TEXTURE_814DCC3DC72143F49509781513CB9855_BGRA8_A4535AA24BB699361857049E2A844B2__33DC436FC8699D1B1039C88C7BD1A5C66D1E258A.udd" 751
"F:/Projects/UMG_testing/Content/Movies/Quitred.uasset" 752
"C:/Users/Chris/AppData/Local/UnrealEngine/Common/DerivedDataCache/6/8/4/TEXTURE_814DCC3DC72143F49509781513CB9855_BGRA8_E147407749FCAAE8DB01AC8982850CE__411CFE7537158C2D05A45A895213DF5CAAF01531.udd" 753
"../../../Engine/Content/MobileResources/HUD/MobileHUDButtonFire.uasset" 754
"C:/Users/Chris/AppData/Local/UnrealEngine/Common/DerivedDataCache/5/1/6/TEXTURE_814DCC3DC72143F49509781513CB9855_AUTODXT_C200B7694C3FE53EBCE97592F5F41__DD39719A926D99A62CA71ADAF4DFF27A49AEF98C.udd" 755
"../../../Engine/Content/MobileResources/HUD/MobileHUDDirectionStick.uasset" 756
"C:/Users/Chris/AppData/Local/UnrealEngine/Common/DerivedDataCache/3/8/0/TEXTURE_814DCC3DC72143F49509781513CB9855_AUTODXT_8EDAF7A54E378800FEB2178634331__D89B4B727EE1E1D9A987D925955029B933591292.udd" 757
"../../../Engine/Content/MobileResources/HUD/MobileHUDButton2_on.uasset" 758
"C:/Users/Chris/AppData/Local/UnrealEngine/Common/DerivedDataCache/0/9/7/TEXTURE_814DCC3DC72143F49509781513CB9855_AUTODXT_80A9E59646847B4846ED6DAF42DFE__5B70D57A8D534632E772B83FEBF7B027FF5B8388.udd" 759
"C:/Users/Chris/AppData/Local/UnrealEngine/Common/DerivedDataCache/7/0/3/TEXTURE_814DCC3DC72143F49509781513CB9855_AUTODXT_80A9E59646847B4846ED6DAF42DFE__308ACB6CF9A852BC5B9B8DC8909BB87E9FB70BD3.udd" 760
"../../../Engine/Content/MobileResources/HUD/MobileHUDDirectionPad.uasset" 761
"C:/Users/Chris/AppData/Local/UnrealEngine/Common/DerivedDataCache/2/2/8/TEXTURE_814DCC3DC72143F49509781513CB9855_AUTODXT_3F3B1DD44FE006226A690596DBDDE__A8F0AA4345DA63B02C5E76E8CDD15A76D906C9DE.udd" 762
"C:/Users/Chris/AppData/Local/UnrealEngine/Common/DerivedDataCache/0/0/7/TEXTURE_814DCC3DC72143F49509781513CB9855_AUTODXT_3F3B1DD44FE006226A690596DBDDE__124F7D8D2718E263E1691CDD9F88C4222659C194.udd" 763
"../../../Engine/Content/MobileResources/HUD/MobileHUDDirectionPad3.uasset" 764
"C:/Users/Chris/AppData/Local/UnrealEngine/Common/DerivedDataCache/5/6/4/TEXTURE_814DCC3DC72143F49509781513CB9855_AUTODXT_C9D41DBE4C754F8B430E7DBADCD48__12CC74A7FD084DC5C96ADD95B3C1B5D07F3EA75C.udd" 765
"C:/Users/Chris/AppData/Local/UnrealEngine/Common/DerivedDataCache/8/0/4/TEXTURE_814DCC3DC72143F49509781513CB9855_AUTODXT_C9D41DBE4C754F8B430E7DBADCD48__449C61C38D35E6152D40F0C16F230ECC2E23BCF8.udd" 766
"C:/Users/Chris/AppData/Local/UnrealEngine/Common/DerivedDataCache/5/7/3/TEXTURE_814DCC3DC72143F49509781513CB9855_AUTODXT_C9D41DBE4C754F8B430E7DBADCD48__B606B2F565A5A77F7F06349C41A955A7AAC7CE53.udd" 767
"../../../Engine/Content/MobileResources/HUD/AnalogHat.uasset" 768
"C:/Users/Chris/AppData/Local/UnrealEngine/Common/DerivedDataCache/6/3/5/TEXTURE_814DCC3DC72143F49509781513CB9855_AUTODXT_2E1EE3B14D43A62B84881B8F5AAD2__BB99884E9A5449D24496CD2D2CB314E5330C09E0.udd" 769
"../../../Engine/Content/MobileResources/HUD/MobileHUDButton1_off.uasset" 770
"C:/Users/Chris/AppData/Local/UnrealEngine/Common/DerivedDataCache/6/2/1/TEXTURE_814DCC3DC72143F49509781513CB9855_AUTODXT_5FF2868842E6DED8A4C0CB8217190__C44A22A45D6E1E0CCC23391DA16ECB5C18F2849C.udd" 771
"../../../Engine/Content/MobileResources/T_MobileControls_texture.uasset" 772
"C:/Users/Chris/AppData/Local/UnrealEngine/Common/DerivedDataCache/0/2/8/TEXTURE_814DCC3DC72143F49509781513CB9855_AUTODXT_119D9D384F916FB5612DEB85B0124__7741C2B795775BFA3104662CBC48EFE5FD9B7782.udd" 773
"C:/Users/Chris/AppData/Local/UnrealEngine/Common/DerivedDataCache/3/9/9/TEXTURE_814DCC3DC72143F49509781513CB9855_AUTODXT_119D9D384F916FB5612DEB85B0124__CE9E8C2753F09B87FABEC48764BCDF5C0418506D.udd" 774
"C:/Users/Chris/AppData/Local/UnrealEngine/Common/DerivedDataCache/7/0/7/TEXTURE_814DCC3DC72143F49509781513CB9855_AUTODXT_119D9D384F916FB5612DEB85B0124__B5858B18ACEB8D7AEB6A29EACA75015ECEE0FAB6.udd" 775
"C:/Users/Chris/AppData/Local/UnrealEngine/Common/DerivedDataCache/7/4/0/TEXTURE_814DCC3DC72143F49509781513CB9855_AUTODXT_119D9D384F916FB5612DEB85B0124__B6179C1D92F62425940B03B442B5BB2F36D1378A.udd" 776
"../../../Engine/Content/MobileResources/HUD/LeftVirtualJoystickOnly.uasset" 777
"../../../Engine/Content/MobileResources/T_MobileMenu2.uasset" 778
"C:/Users/Chris/AppData/Local/UnrealEngine/Common/DerivedDataCache/1/5/9/TEXTURE_814DCC3DC72143F49509781513CB9855_AUTODXT_9F8FBEF84A1997E30FD384955E3D8__BD16FC101E1BD76B745E50F5F0797E81521ECE50.udd" 779
"C:/Users/Chris/AppData/Local/UnrealEngine/Common/DerivedDataCache/2/5/9/TEXTURE_814DCC3DC72143F49509781513CB9855_AUTODXT_9F8FBEF84A1997E30FD384955E3D8__750E7BCF3B0A4D07B3E732ACF4661AE1B9FDC2C2.udd" 780
"C:/Users/Chris/AppData/Local/UnrealEngine/Common/DerivedDataCache/5/0/7/TEXTURE_814DCC3DC72143F49509781513CB9855_AUTODXT_9F8FBEF84A1997E30FD384955E3D8__DC3244ED1DA22A9DFBF8BB794FFE6F9D436D1D74.udd" 781
"C:/Users/Chris/AppData/Local/UnrealEngine/Common/DerivedDataCache/9/2/2/TEXTURE_814DCC3DC72143F49509781513CB9855_AUTODXT_9F8FBEF84A1997E30FD384955E3D8__0D4C4BDB3A0A12F9E8F8362AC007EA958A932054.udd" 782
"../../../Engine/Content/MobileResources/HUD/MobileHUDButton1_on.uasset" 783
"C:/Users/Chris/AppData/Local/UnrealEngine/Common/DerivedDataCache/3/1/5/TEXTURE_814DCC3DC72143F49509781513CB9855_AUTODXT_7BBBF743419EE004ACC16E9959BCC__756112131578C37DFF9953878E2BB3763ED27608.udd" 784
"F:/Projects/UMG_testing/Content/Movies/Quitblue.uasset" 785
"C:/Users/Chris/AppData/Local/UnrealEngine/Common/DerivedDataCache/9/5/0/TEXTURE_814DCC3DC72143F49509781513CB9855_BGRA8_709AAC2C476E0C121D7C849A0A0B600__042CF6154D77B42C6AE67DB28B09DFBF00998C4C.udd" 786
"../../../Engine/Content/MobileResources/HUD/MobileHUDButton2_off.uasset" 787
"C:/Users/Chris/AppData/Local/UnrealEngine/Common/DerivedDataCache/1/2/1/TEXTURE_814DCC3DC72143F49509781513CB9855_AUTODXT_D5542AFE4886708885DF42B1BE8F6__E8E1BDB0D057288DAED17D58CD776918028D2DCF.udd" 788
"C:/Users/Chris/AppData/Local/UnrealEngine/Common/DerivedDataCache/5/2/4/TEXTURE_814DCC3DC72143F49509781513CB9855_AUTODXT_D5542AFE4886708885DF42B1BE8F6__E1EF18F9937084B0C07D23A905483B754F02B379.udd" 789
"F:/Projects/UMG_testing/Saved/Stats/2016.05.24-18.41.05Stats.csv" 790
"../../../Engine/Content/Editor/Templates/GameModule.Build.cs.template" 791
"../../../Engine/Content/Editor/Templates/PluginModule.h.template" 792
"../../../Engine/Content/Editor/Templates/PluginModule.cpp.template" 793
"F:/Projects/UMG_testing/Saved/Collections/PackagesRemovedFromChunk0.collection" 794
